#
# A fatal error has been detected by the Java Runtime Environment:
#
#  EXCEPTION_ACCESS_VIOLATION (0xc0000005) at pc=0x00007ffd48ade568, pid=1256, tid=0x0000000000001514
#
# JRE version: Java(TM) SE Runtime Environment (8.0_241-b07) (build 1.8.0_241-b07)
# Java VM: Java HotSpot(TM) 64-Bit Server VM (25.241-b07 mixed mode windows-amd64 compressed oops)
# Problematic frame:
# C  [MSCTF.dll+0xe568]
#
# Failed to write core dump. Minidumps are not enabled by default on client versions of Windows
#
# If you would like to submit a bug report, please visit:
#   http://bugreport.java.com/bugreport/crash.jsp
# The crash happened outside the Java Virtual Machine in native code.
# See problematic frame for where to report the bug.
#

---------------  T H R E A D  ---------------

Current thread (0x0000000002890800):  JavaThread "main" [_thread_in_native, id=5396, stack(0x0000000000600000,0x0000000000700000)]

siginfo: ExceptionCode=0xc0000005, reading address 0x0000000000000020

Registers:
RAX=0x0000000000000000, RBX=0x000000001f7de740, RCX=0x0000000032d56690, RDX=0x0000000000000002
RSP=0x00000000006f9ee0, RBP=0x0000000000000000, RSI=0x0000000000000000, RDI=0x0000000040000000
R8 =0x000000001f7cb110, R9 =0x0000000000000000, R10=0x0000000000fd6a30, R11=0x0000000000000000
R12=0x00000000ffffffff, R13=0x0000000000090601, R14=0x0000000000000000, R15=0x0000000000000000
RIP=0x00007ffd48ade568, EFLAGS=0x0000000000010206

Top of Stack: (sp=0x00000000006f9ee0)
0x00000000006f9ee0:   00000000c0000388 00007ffd40e86278
0x00000000006f9ef0:   00000000240ad5c0 0000000004b8f30c
0x00000000006f9f00:   000000002812f5c8 00000000235beef0
0x00000000006f9f10:   0000000000000000 0000000000000000
0x00000000006f9f20:   00000000235bef10 00007ffd235beeb0
0x00000000006f9f30:   00006a79cc64a1d7 00007ffd235beef0
0x00000000006f9f40:   0000000000000001 0000000080000000
0x00000000006f9f50:   0000000000000000 0000000000000002
0x00000000006f9f60:   000000001f7de778 00007ffd48addf8d
0x00000000006f9f70:   00000000235beeb0 0000000000000002
0x00000000006f9f80:   0000000000000000 0000000000000000
0x00000000006f9f90:   00000000235bef30 00000000235bef10
0x00000000006f9fa0:   00000000235beeb0 000000001f9bab50
0x00000000006f9fb0:   00007ffd40e86278 0000000002890800
0x00000000006f9fc0:   000000000000000f 000000001f7de1d0
0x00000000006f9fd0:   0000000000050748 00000000006fa140 

Instructions: (pc=0x00007ffd48ade568)
0x00007ffd48ade548:   c9 74 0d 48 8b 01 48 8b 40 10 ff 15 50 c5 0e 00
0x00007ffd48ade558:   ff c6 3b 77 38 0f 8d 8e fd ff ff eb bb 48 8b 01
0x00007ffd48ade568:   48 8b 40 20 e9 05 ff ff ff 4d 8b 66 48 4d 85 e4
0x00007ffd48ade578:   0f 85 48 34 04 00 4d 8b 76 18 4d 85 f6 0f 84 5d 


Register to memory mapping:

RAX=0x0000000000000000 is an unknown value
RBX=0x000000001f7de740 is an unknown value
RCX=0x0000000032d56690 is an unknown value
RDX=0x0000000000000002 is an unknown value
RSP=0x00000000006f9ee0 is pointing into the stack for thread: 0x0000000002890800
RBP=0x0000000000000000 is an unknown value
RSI=0x0000000000000000 is an unknown value
RDI=0x0000000040000000 is an unknown value
R8 =0x000000001f7cb110 is an unknown value
R9 =0x0000000000000000 is an unknown value
R10=0x0000000000fd6a30 is an unknown value
R11=0x0000000000000000 is an unknown value
R12=
[error occurred during error reporting (printing register info), id 0xc0000005]

Stack: [0x0000000000600000,0x0000000000700000],  sp=0x00000000006f9ee0,  free space=999k
Native frames: (J=compiled Java code, j=interpreted, Vv=VM code, C=native code)

Java frames: (J=compiled Java code, j=interpreted, Vv=VM code)
J 3084  org.eclipse.swt.internal.win32.OS.DefWindowProc(JIJJ)J (0 bytes) @ 0x00000000035aa10e [0x00000000035aa0c0+0x4e]
J 9372 C2 org.eclipse.swt.widgets.Scrollable.callWindowProc(JIJJ)J (21 bytes) @ 0x0000000003eac5e8 [0x0000000003eac5a0+0x48]
J 15875 C2 org.eclipse.swt.widgets.Control.windowProc(JIJJ)J (1980 bytes) @ 0x0000000004f6423c [0x0000000004f63bc0+0x67c]
J 16388 C2 org.eclipse.swt.widgets.Canvas.windowProc(JIJJ)J (50 bytes) @ 0x0000000005488528 [0x00000000054884e0+0x48]
J 6743 C2 org.eclipse.swt.widgets.Display.windowProc(JJJJ)J (108 bytes) @ 0x00000000037778e0 [0x0000000003777740+0x1a0]
v  ~StubRoutines::call_stub
J 3084  org.eclipse.swt.internal.win32.OS.DefWindowProc(JIJJ)J (0 bytes) @ 0x00000000035aa10e [0x00000000035aa0c0+0x4e]
J 9372 C2 org.eclipse.swt.widgets.Scrollable.callWindowProc(JIJJ)J (21 bytes) @ 0x0000000003eac5e8 [0x0000000003eac5a0+0x48]
J 15875 C2 org.eclipse.swt.widgets.Control.windowProc(JIJJ)J (1980 bytes) @ 0x0000000004f6423c [0x0000000004f63bc0+0x67c]
J 16388 C2 org.eclipse.swt.widgets.Canvas.windowProc(JIJJ)J (50 bytes) @ 0x0000000005488528 [0x00000000054884e0+0x48]
J 6743 C2 org.eclipse.swt.widgets.Display.windowProc(JJJJ)J (108 bytes) @ 0x00000000037778e0 [0x0000000003777740+0x1a0]
v  ~StubRoutines::call_stub
j  org.eclipse.swt.internal.win32.OS.ImmSetCompositionFont(JLorg/eclipse/swt/internal/win32/LOGFONT;)Z+0
j  org.eclipse.swt.widgets.Caret.setIMEFont()V+109
j  org.eclipse.swt.widgets.Caret.setFocus()V+84
j  org.eclipse.swt.widgets.Canvas.WM_SETFOCUS(JJ)Lorg/eclipse/swt/internal/win32/LRESULT;+29
J 15875 C2 org.eclipse.swt.widgets.Control.windowProc(JIJJ)J (1980 bytes) @ 0x0000000004f64ad4 [0x0000000004f63bc0+0xf14]
J 16388 C2 org.eclipse.swt.widgets.Canvas.windowProc(JIJJ)J (50 bytes) @ 0x0000000005488528 [0x00000000054884e0+0x48]
J 6743 C2 org.eclipse.swt.widgets.Display.windowProc(JJJJ)J (108 bytes) @ 0x00000000037778e0 [0x0000000003777740+0x1a0]
v  ~StubRoutines::call_stub
j  org.eclipse.swt.internal.win32.OS.SetFocus(J)J+0
J 16743 C1 org.eclipse.swt.widgets.Control.forceFocus()Z (92 bytes) @ 0x00000000055ea41c [0x00000000055e9ca0+0x77c]
J 16729 C1 org.eclipse.swt.widgets.Composite.setFocus()Z (69 bytes) @ 0x0000000003d0e4f4 [0x0000000003d0de40+0x6b4]
j  org.eclipse.wb.internal.core.editor.multi.SourcePage.setFocus()V+4
j  org.eclipse.wb.internal.core.editor.multi.DefaultMultiMode.showPage(Lorg/eclipse/wb/core/editor/IEditorPage;)V+100
j  org.eclipse.wb.internal.core.editor.multi.DefaultMultiMode$1.widgetSelected(Lorg/eclipse/swt/events/SelectionEvent;)V+14
J 19598 C2 org.eclipse.swt.widgets.TypedListener.handleEvent(Lorg/eclipse/swt/widgets/Event;)V (1291 bytes) @ 0x0000000005f345a4 [0x0000000005f335a0+0x1004]
J 19477 C2 org.eclipse.swt.widgets.EventTable.sendEvent(Lorg/eclipse/swt/widgets/Event;)V (592 bytes) @ 0x0000000005e94ad4 [0x0000000005e94a20+0xb4]
J 16995 C2 org.eclipse.swt.widgets.Widget.sendEvent(ILorg/eclipse/swt/widgets/Event;Z)V (88 bytes) @ 0x00000000056ce1a8 [0x00000000056cdbe0+0x5c8]
J 12561 C1 org.eclipse.swt.widgets.Widget.notifyListeners(ILorg/eclipse/swt/widgets/Event;)V (23 bytes) @ 0x0000000004c7930c [0x0000000004c78f60+0x3ac]
j  org.eclipse.swt.custom.CTabFolder.setSelection(IZ)V+57
J 16595 C1 org.eclipse.swt.custom.CTabFolder.onMouse(Lorg/eclipse/swt/widgets/Event;)V (1520 bytes) @ 0x0000000005549f6c [0x0000000005548f60+0x100c]
J 16220 C1 org.eclipse.swt.custom.CTabFolder.lambda$0(Lorg/eclipse/swt/widgets/Event;)V (310 bytes) @ 0x000000000409c23c [0x000000000409afe0+0x125c]
J 16219 C1 org.eclipse.swt.custom.CTabFolder$$Lambda$244.handleEvent(Lorg/eclipse/swt/widgets/Event;)V (9 bytes) @ 0x000000000409df44 [0x000000000409dec0+0x84]
J 19477 C2 org.eclipse.swt.widgets.EventTable.sendEvent(Lorg/eclipse/swt/widgets/Event;)V (592 bytes) @ 0x0000000005e94ad4 [0x0000000005e94a20+0xb4]
J 17917 C2 org.eclipse.swt.widgets.Display.readAndDispatch()Z (94 bytes) @ 0x0000000005a4a39c [0x0000000005a49da0+0x5fc]
J 19645% C1 org.eclipse.e4.ui.internal.workbench.swt.PartRenderingEngine$5.run()V (690 bytes) @ 0x0000000005f57df4 [0x0000000005f50e20+0x6fd4]
j  org.eclipse.core.databinding.observable.Realm.runWithDefault(Lorg/eclipse/core/databinding/observable/Realm;Ljava/lang/Runnable;)V+12
j  org.eclipse.e4.ui.internal.workbench.swt.PartRenderingEngine.run(Lorg/eclipse/e4/ui/model/application/MApplicationElement;Lorg/eclipse/e4/core/contexts/IEclipseContext;)Ljava/lang/Object;+57
j  org.eclipse.e4.ui.internal.workbench.E4Workbench.createAndRunUI(Lorg/eclipse/e4/ui/model/application/MApplicationElement;)V+20
j  org.eclipse.ui.internal.Workbench.lambda$3(Lorg/eclipse/swt/widgets/Display;Lorg/eclipse/ui/application/WorkbenchAdvisor;[I)V+379
j  org.eclipse.ui.internal.Workbench$$Lambda$118.run()V+12
j  org.eclipse.core.databinding.observable.Realm.runWithDefault(Lorg/eclipse/core/databinding/observable/Realm;Ljava/lang/Runnable;)V+12
j  org.eclipse.ui.internal.Workbench.createAndRunWorkbench(Lorg/eclipse/swt/widgets/Display;Lorg/eclipse/ui/application/WorkbenchAdvisor;)I+16
j  org.eclipse.ui.PlatformUI.createAndRunWorkbench(Lorg/eclipse/swt/widgets/Display;Lorg/eclipse/ui/application/WorkbenchAdvisor;)I+2
j  org.eclipse.ui.internal.ide.application.IDEApplication.start(Lorg/eclipse/equinox/app/IApplicationContext;)Ljava/lang/Object;+113
j  org.eclipse.equinox.internal.app.EclipseAppHandle.run(Ljava/lang/Object;)Ljava/lang/Object;+138
j  org.eclipse.core.runtime.internal.adaptor.EclipseAppLauncher.runApplication(Ljava/lang/Object;)Ljava/lang/Object;+85
j  org.eclipse.core.runtime.internal.adaptor.EclipseAppLauncher.start(Ljava/lang/Object;)Ljava/lang/Object;+82
j  org.eclipse.core.runtime.adaptor.EclipseStarter.run(Ljava/lang/Object;)Ljava/lang/Object;+105
j  org.eclipse.core.runtime.adaptor.EclipseStarter.run([Ljava/lang/String;Ljava/lang/Runnable;)Ljava/lang/Object;+132
v  ~StubRoutines::call_stub
j  sun.reflect.NativeMethodAccessorImpl.invoke0(Ljava/lang/reflect/Method;Ljava/lang/Object;[Ljava/lang/Object;)Ljava/lang/Object;+0
j  sun.reflect.NativeMethodAccessorImpl.invoke(Ljava/lang/Object;[Ljava/lang/Object;)Ljava/lang/Object;+100
j  sun.reflect.DelegatingMethodAccessorImpl.invoke(Ljava/lang/Object;[Ljava/lang/Object;)Ljava/lang/Object;+6
j  java.lang.reflect.Method.invoke(Ljava/lang/Object;[Ljava/lang/Object;)Ljava/lang/Object;+56
j  org.eclipse.equinox.launcher.Main.invokeFramework([Ljava/lang/String;[Ljava/net/URL;)V+201
j  org.eclipse.equinox.launcher.Main.basicRun([Ljava/lang/String;)V+159
j  org.eclipse.equinox.launcher.Main.run([Ljava/lang/String;)I+4
v  ~StubRoutines::call_stub

---------------  P R O C E S S  ---------------

Java Threads: ( => current thread )
  0x000000001ab9d800 JavaThread "org.eclipse.jdt.internal.ui.text.JavaReconciler" daemon [_thread_blocked, id=10840, stack(0x0000000031470000,0x0000000031570000)]
  0x0000000020558000 JavaThread "org.eclipse.jdt.internal.ui.text.JavaReconciler" daemon [_thread_blocked, id=8628, stack(0x0000000030e10000,0x0000000030f10000)]
  0x000000001b150800 JavaThread "org.eclipse.jdt.internal.ui.text.JavaReconciler" daemon [_thread_blocked, id=8008, stack(0x0000000030f10000,0x0000000031010000)]
  0x0000000020555000 JavaThread "AWT-EventQueue-0" [_thread_blocked, id=6940, stack(0x000000002db10000,0x000000002dc10000)]
  0x0000000020557000 JavaThread "AWT-Shutdown" [_thread_blocked, id=11280, stack(0x000000002d690000,0x000000002d790000)]
  0x000000002054d800 JavaThread "Timer-6" daemon [_thread_blocked, id=7324, stack(0x000000002b490000,0x000000002b590000)]
  0x000000001ce59800 JavaThread "Provisioning Event Dispatcher" daemon [_thread_blocked, id=6248, stack(0x000000002d810000,0x000000002d910000)]
  0x000000001ce5f800 JavaThread "Worker-10" [_thread_blocked, id=10864, stack(0x000000002d590000,0x000000002d690000)]
  0x000000001ce58800 JavaThread "Worker-9" [_thread_blocked, id=9872, stack(0x000000002cea0000,0x000000002cfa0000)]
  0x000000001ce5e000 JavaThread "Thread-12" [_thread_blocked, id=7260, stack(0x000000002c2d0000,0x000000002c3d0000)]
  0x000000001ce54000 JavaThread "Worker-5" [_thread_blocked, id=10384, stack(0x000000002b790000,0x000000002b890000)]
  0x000000001ce5b000 JavaThread "Worker-4" [_thread_blocked, id=11464, stack(0x000000002b690000,0x000000002b790000)]
  0x000000001ce53800 JavaThread "Worker-3" [_thread_blocked, id=3700, stack(0x000000002b590000,0x000000002b690000)]
  0x000000001ce58000 JavaThread "Worker-2" [_thread_blocked, id=2760, stack(0x000000002b390000,0x000000002b490000)]
  0x000000001ce5a000 JavaThread "EventAdmin Async Event Dispatcher Thread" daemon [_thread_blocked, id=4632, stack(0x000000002b290000,0x000000002b390000)]
  0x000000001ce55800 JavaThread "org.eclipse.jdt.internal.ui.text.JavaReconciler" daemon [_thread_blocked, id=12172, stack(0x0000000027e50000,0x0000000027f50000)]
  0x000000001b033800 JavaThread "Java indexing" daemon [_thread_blocked, id=9400, stack(0x00000000267f0000,0x00000000268f0000)]
  0x000000001b02e000 JavaThread "AWT-Windows" daemon [_thread_in_native, id=11432, stack(0x0000000023b60000,0x0000000023c60000)]
  0x000000001b032800 JavaThread "Java2D Disposer" daemon [_thread_blocked, id=1160, stack(0x0000000023960000,0x0000000023a60000)]
  0x000000001b02f800 JavaThread "Bundle File Closer" daemon [_thread_blocked, id=2748, stack(0x000000001fc90000,0x000000001fd90000)]
  0x000000001b032000 JavaThread "Gogo shell" [_thread_blocked, id=11424, stack(0x000000001de50000,0x000000001df50000)]
  0x000000001b031000 JavaThread "EMF Reference Cleaner" daemon [_thread_blocked, id=5808, stack(0x000000001dc50000,0x000000001dd50000)]
  0x000000001abbf800 JavaThread "Worker-1" [_thread_blocked, id=6620, stack(0x000000001c480000,0x000000001c580000)]
  0x000000001acad800 JavaThread "Worker-JM" [_thread_blocked, id=7384, stack(0x000000001c280000,0x000000001c380000)]
  0x000000001a9fc000 JavaThread "SCR Component Actor" daemon [_thread_blocked, id=9632, stack(0x000000001bb10000,0x000000001bc10000)]
  0x000000001a989800 JavaThread "Start Level: Equinox Container: 41de124d-0e8e-40da-9a5b-2f46489eeffa" daemon [_thread_blocked, id=808, stack(0x000000001ba10000,0x000000001bb10000)]
  0x0000000019cb0000 JavaThread "Framework Event Dispatcher: Equinox Container: 41de124d-0e8e-40da-9a5b-2f46489eeffa" daemon [_thread_blocked, id=10668, stack(0x000000001b910000,0x000000001ba10000)]
  0x00000000198b0800 JavaThread "Active Thread: Equinox Container: 41de124d-0e8e-40da-9a5b-2f46489eeffa" [_thread_blocked, id=7164, stack(0x000000001b810000,0x000000001b910000)]
  0x0000000018752800 JavaThread "Service Thread" daemon [_thread_blocked, id=4404, stack(0x0000000019350000,0x0000000019450000)]
  0x00000000186d8800 JavaThread "C1 CompilerThread2" daemon [_thread_blocked, id=5756, stack(0x0000000019250000,0x0000000019350000)]
  0x00000000186d7800 JavaThread "C2 CompilerThread1" daemon [_thread_in_native, id=1452, stack(0x0000000019150000,0x0000000019250000)]
  0x000000001868b800 JavaThread "C2 CompilerThread0" daemon [_thread_blocked, id=8560, stack(0x0000000019050000,0x0000000019150000)]
  0x000000001868b000 JavaThread "Attach Listener" daemon [_thread_blocked, id=11160, stack(0x0000000018f50000,0x0000000019050000)]
  0x0000000018686000 JavaThread "Signal Dispatcher" daemon [_thread_blocked, id=7772, stack(0x0000000018e50000,0x0000000018f50000)]
  0x00000000186d2800 JavaThread "Surrogate Locker Thread (Concurrent GC)" daemon [_thread_blocked, id=6452, stack(0x0000000018d50000,0x0000000018e50000)]
  0x000000001866e800 JavaThread "Finalizer" daemon [_thread_blocked, id=7712, stack(0x0000000018b20000,0x0000000018c20000)]
  0x0000000018663800 JavaThread "Reference Handler" daemon [_thread_blocked, id=1180, stack(0x0000000018a20000,0x0000000018b20000)]
=>0x0000000002890800 JavaThread "main" [_thread_in_native, id=5396, stack(0x0000000000600000,0x0000000000700000)]

Other Threads:
  0x00000000178fc000 VMThread [stack: 0x0000000018920000,0x0000000018a20000] [id=7920]
  0x0000000018785800 WatcherThread [stack: 0x0000000019450000,0x0000000019550000] [id=3464]

VM state:not at safepoint (normal execution)

VM Mutex/Monitor currently owned by a thread: None

heap address: 0x00000000c0000000, size: 1024 MB, Compressed Oops mode: 32-bit
Narrow klass base: 0x0000000000000000, Narrow klass shift: 3
Compressed class space size: 1073741824 Address: 0x0000000100000000

Heap:
 garbage-first heap   total 293888K, used 219362K [0x00000000c0000000, 0x00000000c01008f8, 0x0000000100000000)
  region size 1024K, 37 young (37888K), 2 survivors (2048K)
 Metaspace       used 127119K, capacity 140446K, committed 140696K, reserved 1171456K
  class space    used 15822K, capacity 19263K, committed 19352K, reserved 1048576K

Heap Regions: (Y=young(eden), SU=young(survivor), HS=humongous(starts), HC=humongous(continues), CS=collection set, F=free, TS=gc time stamp, PTAMS=previous top-at-mark-start, NTAMS=next top-at-mark-start)
AC   0  O    TS     0 PTAMS 0x00000000c0100000 NTAMS 0x00000000c0100000 space 1024K, 100% used [0x00000000c0000000, 0x00000000c0100000)
AC   0  O    TS     0 PTAMS 0x00000000c0200000 NTAMS 0x00000000c0200000 space 1024K, 100% used [0x00000000c0100000, 0x00000000c0200000)
AC   0  O    TS     0 PTAMS 0x00000000c0300000 NTAMS 0x00000000c0300000 space 1024K, 100% used [0x00000000c0200000, 0x00000000c0300000)
AC   0  O    TS     0 PTAMS 0x00000000c0400000 NTAMS 0x00000000c0400000 space 1024K, 100% used [0x00000000c0300000, 0x00000000c0400000)
AC   0  O    TS     0 PTAMS 0x00000000c0500000 NTAMS 0x00000000c0500000 space 1024K, 100% used [0x00000000c0400000, 0x00000000c0500000)
AC   0  O    TS     0 PTAMS 0x00000000c0600000 NTAMS 0x00000000c0600000 space 1024K, 100% used [0x00000000c0500000, 0x00000000c0600000)
AC   0  O    TS     0 PTAMS 0x00000000c0700000 NTAMS 0x00000000c0700000 space 1024K, 100% used [0x00000000c0600000, 0x00000000c0700000)
AC   0  F    TS     0 PTAMS 0x00000000c0700000 NTAMS 0x00000000c0700000 space 1024K,   0% used [0x00000000c0700000, 0x00000000c0800000)
AC   0  O    TS     0 PTAMS 0x00000000c0900000 NTAMS 0x00000000c0900000 space 1024K, 100% used [0x00000000c0800000, 0x00000000c0900000)
AC   0  O    TS     0 PTAMS 0x00000000c0a00000 NTAMS 0x00000000c0a00000 space 1024K, 100% used [0x00000000c0900000, 0x00000000c0a00000)
AC   0  O    TS     0 PTAMS 0x00000000c0b00000 NTAMS 0x00000000c0b00000 space 1024K, 100% used [0x00000000c0a00000, 0x00000000c0b00000)
AC   0  O    TS     0 PTAMS 0x00000000c0c00000 NTAMS 0x00000000c0c00000 space 1024K, 100% used [0x00000000c0b00000, 0x00000000c0c00000)
AC   0  O    TS     0 PTAMS 0x00000000c0d00000 NTAMS 0x00000000c0d00000 space 1024K, 100% used [0x00000000c0c00000, 0x00000000c0d00000)
AC   0  O    TS     0 PTAMS 0x00000000c0e00000 NTAMS 0x00000000c0e00000 space 1024K, 100% used [0x00000000c0d00000, 0x00000000c0e00000)
AC   0  O    TS     0 PTAMS 0x00000000c0f00000 NTAMS 0x00000000c0f00000 space 1024K, 100% used [0x00000000c0e00000, 0x00000000c0f00000)
AC   0  O    TS     0 PTAMS 0x00000000c1000000 NTAMS 0x00000000c1000000 space 1024K, 100% used [0x00000000c0f00000, 0x00000000c1000000)
AC   0  O    TS     0 PTAMS 0x00000000c1100000 NTAMS 0x00000000c1100000 space 1024K, 100% used [0x00000000c1000000, 0x00000000c1100000)
AC   0  O    TS     0 PTAMS 0x00000000c1200000 NTAMS 0x00000000c1200000 space 1024K, 100% used [0x00000000c1100000, 0x00000000c1200000)
AC   0  O    TS     0 PTAMS 0x00000000c1300000 NTAMS 0x00000000c1300000 space 1024K, 100% used [0x00000000c1200000, 0x00000000c1300000)
AC   0  O    TS     0 PTAMS 0x00000000c1400000 NTAMS 0x00000000c1400000 space 1024K, 100% used [0x00000000c1300000, 0x00000000c1400000)
AC   0  F    TS     0 PTAMS 0x00000000c1400000 NTAMS 0x00000000c1400000 space 1024K,   0% used [0x00000000c1400000, 0x00000000c1500000)
AC   0  O    TS     0 PTAMS 0x00000000c1600000 NTAMS 0x00000000c1600000 space 1024K, 100% used [0x00000000c1500000, 0x00000000c1600000)
AC   0  O    TS     0 PTAMS 0x00000000c1700000 NTAMS 0x00000000c1700000 space 1024K, 100% used [0x00000000c1600000, 0x00000000c1700000)
AC   0  O    TS     0 PTAMS 0x00000000c1800000 NTAMS 0x00000000c1800000 space 1024K, 100% used [0x00000000c1700000, 0x00000000c1800000)
AC   0  O    TS     0 PTAMS 0x00000000c1900000 NTAMS 0x00000000c1900000 space 1024K, 100% used [0x00000000c1800000, 0x00000000c1900000)
AC   0  O    TS     0 PTAMS 0x00000000c1a00000 NTAMS 0x00000000c1a00000 space 1024K, 100% used [0x00000000c1900000, 0x00000000c1a00000)
AC   0  O    TS     0 PTAMS 0x00000000c1b00000 NTAMS 0x00000000c1b00000 space 1024K, 100% used [0x00000000c1a00000, 0x00000000c1b00000)
AC   0  O    TS     0 PTAMS 0x00000000c1c00000 NTAMS 0x00000000c1c00000 space 1024K, 100% used [0x00000000c1b00000, 0x00000000c1c00000)
AC   0  O    TS     0 PTAMS 0x00000000c1d00000 NTAMS 0x00000000c1d00000 space 1024K, 100% used [0x00000000c1c00000, 0x00000000c1d00000)
AC   0  O    TS     0 PTAMS 0x00000000c1e00000 NTAMS 0x00000000c1e00000 space 1024K, 100% used [0x00000000c1d00000, 0x00000000c1e00000)
AC   0  O    TS     0 PTAMS 0x00000000c1f00000 NTAMS 0x00000000c1f00000 space 1024K, 100% used [0x00000000c1e00000, 0x00000000c1f00000)
AC   0  O    TS     0 PTAMS 0x00000000c2000000 NTAMS 0x00000000c2000000 space 1024K, 100% used [0x00000000c1f00000, 0x00000000c2000000)
AC   0  O    TS     0 PTAMS 0x00000000c2100000 NTAMS 0x00000000c2100000 space 1024K, 100% used [0x00000000c2000000, 0x00000000c2100000)
AC   0  O    TS     0 PTAMS 0x00000000c2200000 NTAMS 0x00000000c2200000 space 1024K, 100% used [0x00000000c2100000, 0x00000000c2200000)
AC   0  O    TS     0 PTAMS 0x00000000c2300000 NTAMS 0x00000000c2300000 space 1024K, 100% used [0x00000000c2200000, 0x00000000c2300000)
AC   0  F    TS     0 PTAMS 0x00000000c2300000 NTAMS 0x00000000c2300000 space 1024K,   0% used [0x00000000c2300000, 0x00000000c2400000)
AC   0  O    TS     0 PTAMS 0x00000000c2500000 NTAMS 0x00000000c2500000 space 1024K, 100% used [0x00000000c2400000, 0x00000000c2500000)
AC   0  O    TS     0 PTAMS 0x00000000c2600000 NTAMS 0x00000000c2600000 space 1024K, 100% used [0x00000000c2500000, 0x00000000c2600000)
AC   0  O    TS     0 PTAMS 0x00000000c2700000 NTAMS 0x00000000c2700000 space 1024K, 100% used [0x00000000c2600000, 0x00000000c2700000)
AC   0  F    TS     0 PTAMS 0x00000000c2700000 NTAMS 0x00000000c2700000 space 1024K,   0% used [0x00000000c2700000, 0x00000000c2800000)
AC   0  O    TS     0 PTAMS 0x00000000c2900000 NTAMS 0x00000000c2900000 space 1024K, 100% used [0x00000000c2800000, 0x00000000c2900000)
AC   0  O    TS     0 PTAMS 0x00000000c2a00000 NTAMS 0x00000000c2a00000 space 1024K, 100% used [0x00000000c2900000, 0x00000000c2a00000)
AC   0  O    TS     0 PTAMS 0x00000000c2b00000 NTAMS 0x00000000c2b00000 space 1024K, 100% used [0x00000000c2a00000, 0x00000000c2b00000)
AC   0  O    TS     0 PTAMS 0x00000000c2c00000 NTAMS 0x00000000c2c00000 space 1024K, 100% used [0x00000000c2b00000, 0x00000000c2c00000)
AC   0  O    TS     0 PTAMS 0x00000000c2d00000 NTAMS 0x00000000c2d00000 space 1024K, 100% used [0x00000000c2c00000, 0x00000000c2d00000)
AC   0  O    TS     0 PTAMS 0x00000000c2e00000 NTAMS 0x00000000c2e00000 space 1024K, 100% used [0x00000000c2d00000, 0x00000000c2e00000)
AC   0  O    TS     0 PTAMS 0x00000000c2f00000 NTAMS 0x00000000c2f00000 space 1024K, 100% used [0x00000000c2e00000, 0x00000000c2f00000)
AC   0  O    TS     0 PTAMS 0x00000000c3000000 NTAMS 0x00000000c3000000 space 1024K, 100% used [0x00000000c2f00000, 0x00000000c3000000)
AC   0  O    TS     0 PTAMS 0x00000000c3100000 NTAMS 0x00000000c3100000 space 1024K, 100% used [0x00000000c3000000, 0x00000000c3100000)
AC   0  F    TS     0 PTAMS 0x00000000c3100000 NTAMS 0x00000000c3100000 space 1024K,   0% used [0x00000000c3100000, 0x00000000c3200000)
AC   0  O    TS     0 PTAMS 0x00000000c3300000 NTAMS 0x00000000c3300000 space 1024K, 100% used [0x00000000c3200000, 0x00000000c3300000)
AC   0  O    TS     0 PTAMS 0x00000000c3400000 NTAMS 0x00000000c3400000 space 1024K, 100% used [0x00000000c3300000, 0x00000000c3400000)
AC   0  O    TS     0 PTAMS 0x00000000c3500000 NTAMS 0x00000000c3500000 space 1024K, 100% used [0x00000000c3400000, 0x00000000c3500000)
AC   0  O    TS     0 PTAMS 0x00000000c3600000 NTAMS 0x00000000c3600000 space 1024K, 100% used [0x00000000c3500000, 0x00000000c3600000)
AC   0  O    TS     0 PTAMS 0x00000000c3700000 NTAMS 0x00000000c3700000 space 1024K, 100% used [0x00000000c3600000, 0x00000000c3700000)
AC   0  O    TS     0 PTAMS 0x00000000c3800000 NTAMS 0x00000000c3800000 space 1024K, 100% used [0x00000000c3700000, 0x00000000c3800000)
AC   0  O    TS     0 PTAMS 0x00000000c3900000 NTAMS 0x00000000c3900000 space 1024K, 100% used [0x00000000c3800000, 0x00000000c3900000)
AC   0  O    TS     0 PTAMS 0x00000000c3a00000 NTAMS 0x00000000c3a00000 space 1024K, 100% used [0x00000000c3900000, 0x00000000c3a00000)
AC   0  O    TS     0 PTAMS 0x00000000c3b00000 NTAMS 0x00000000c3b00000 space 1024K, 100% used [0x00000000c3a00000, 0x00000000c3b00000)
AC   0  O    TS     0 PTAMS 0x00000000c3c00000 NTAMS 0x00000000c3c00000 space 1024K, 100% used [0x00000000c3b00000, 0x00000000c3c00000)
AC   0  O    TS     0 PTAMS 0x00000000c3d00000 NTAMS 0x00000000c3d00000 space 1024K, 100% used [0x00000000c3c00000, 0x00000000c3d00000)
AC   0  O    TS     0 PTAMS 0x00000000c3e00000 NTAMS 0x00000000c3e00000 space 1024K, 100% used [0x00000000c3d00000, 0x00000000c3e00000)
AC   0  O    TS     0 PTAMS 0x00000000c3f00000 NTAMS 0x00000000c3f00000 space 1024K, 100% used [0x00000000c3e00000, 0x00000000c3f00000)
AC   0  O    TS     0 PTAMS 0x00000000c4000000 NTAMS 0x00000000c4000000 space 1024K, 100% used [0x00000000c3f00000, 0x00000000c4000000)
AC   0  O    TS     0 PTAMS 0x00000000c4100000 NTAMS 0x00000000c4100000 space 1024K, 100% used [0x00000000c4000000, 0x00000000c4100000)
AC   0  O    TS     0 PTAMS 0x00000000c4200000 NTAMS 0x00000000c4200000 space 1024K, 100% used [0x00000000c4100000, 0x00000000c4200000)
AC   0  O    TS     0 PTAMS 0x00000000c4300000 NTAMS 0x00000000c4300000 space 1024K, 100% used [0x00000000c4200000, 0x00000000c4300000)
AC   0  O    TS     0 PTAMS 0x00000000c4400000 NTAMS 0x00000000c4400000 space 1024K, 100% used [0x00000000c4300000, 0x00000000c4400000)
AC   0 HS    TS     0 PTAMS 0x00000000c4480010 NTAMS 0x00000000c4480010 space 1024K,  50% used [0x00000000c4400000, 0x00000000c4500000)
AC   0  O    TS     0 PTAMS 0x00000000c4600000 NTAMS 0x00000000c4600000 space 1024K, 100% used [0x00000000c4500000, 0x00000000c4600000)
AC   0  O    TS     0 PTAMS 0x00000000c4700000 NTAMS 0x00000000c4700000 space 1024K, 100% used [0x00000000c4600000, 0x00000000c4700000)
AC   0  O    TS     0 PTAMS 0x00000000c4800000 NTAMS 0x00000000c4800000 space 1024K, 100% used [0x00000000c4700000, 0x00000000c4800000)
AC   0  O    TS     0 PTAMS 0x00000000c4900000 NTAMS 0x00000000c4900000 space 1024K, 100% used [0x00000000c4800000, 0x00000000c4900000)
AC   0  O    TS     0 PTAMS 0x00000000c4a00000 NTAMS 0x00000000c4a00000 space 1024K, 100% used [0x00000000c4900000, 0x00000000c4a00000)
AC   0  O    TS     0 PTAMS 0x00000000c4b00000 NTAMS 0x00000000c4b00000 space 1024K, 100% used [0x00000000c4a00000, 0x00000000c4b00000)
AC   0  O    TS     0 PTAMS 0x00000000c4c00000 NTAMS 0x00000000c4c00000 space 1024K, 100% used [0x00000000c4b00000, 0x00000000c4c00000)
AC   0  O    TS     0 PTAMS 0x00000000c4d00000 NTAMS 0x00000000c4d00000 space 1024K, 100% used [0x00000000c4c00000, 0x00000000c4d00000)
AC   0  O    TS     0 PTAMS 0x00000000c4e00000 NTAMS 0x00000000c4e00000 space 1024K, 100% used [0x00000000c4d00000, 0x00000000c4e00000)
AC   0  O    TS     0 PTAMS 0x00000000c4f00000 NTAMS 0x00000000c4f00000 space 1024K, 100% used [0x00000000c4e00000, 0x00000000c4f00000)
AC   0  F    TS     0 PTAMS 0x00000000c4f00000 NTAMS 0x00000000c4f00000 space 1024K,   0% used [0x00000000c4f00000, 0x00000000c5000000)
AC   0  O    TS     0 PTAMS 0x00000000c5100000 NTAMS 0x00000000c5100000 space 1024K, 100% used [0x00000000c5000000, 0x00000000c5100000)
AC   0  O    TS     0 PTAMS 0x00000000c5200000 NTAMS 0x00000000c5200000 space 1024K, 100% used [0x00000000c5100000, 0x00000000c5200000)
AC   0  O    TS     0 PTAMS 0x00000000c5300000 NTAMS 0x00000000c5300000 space 1024K, 100% used [0x00000000c5200000, 0x00000000c5300000)
AC   0  O    TS     0 PTAMS 0x00000000c5400000 NTAMS 0x00000000c5400000 space 1024K, 100% used [0x00000000c5300000, 0x00000000c5400000)
AC   0  O    TS     0 PTAMS 0x00000000c5500000 NTAMS 0x00000000c5500000 space 1024K, 100% used [0x00000000c5400000, 0x00000000c5500000)
AC   0  O    TS     0 PTAMS 0x00000000c5600000 NTAMS 0x00000000c5600000 space 1024K, 100% used [0x00000000c5500000, 0x00000000c5600000)
AC   0  O    TS     0 PTAMS 0x00000000c5700000 NTAMS 0x00000000c5700000 space 1024K, 100% used [0x00000000c5600000, 0x00000000c5700000)
AC   0  O    TS     0 PTAMS 0x00000000c5800000 NTAMS 0x00000000c5800000 space 1024K, 100% used [0x00000000c5700000, 0x00000000c5800000)
AC   0  O    TS     0 PTAMS 0x00000000c5900000 NTAMS 0x00000000c5900000 space 1024K, 100% used [0x00000000c5800000, 0x00000000c5900000)
AC   0  O    TS     0 PTAMS 0x00000000c5a00000 NTAMS 0x00000000c5a00000 space 1024K, 100% used [0x00000000c5900000, 0x00000000c5a00000)
AC   0  O    TS     0 PTAMS 0x00000000c5b00000 NTAMS 0x00000000c5b00000 space 1024K, 100% used [0x00000000c5a00000, 0x00000000c5b00000)
AC   0  O    TS     0 PTAMS 0x00000000c5c00000 NTAMS 0x00000000c5c00000 space 1024K, 100% used [0x00000000c5b00000, 0x00000000c5c00000)
AC   0  F    TS     0 PTAMS 0x00000000c5c00000 NTAMS 0x00000000c5c00000 space 1024K,   0% used [0x00000000c5c00000, 0x00000000c5d00000)
AC   0  O    TS     0 PTAMS 0x00000000c5e00000 NTAMS 0x00000000c5e00000 space 1024K, 100% used [0x00000000c5d00000, 0x00000000c5e00000)
AC   0  O    TS     0 PTAMS 0x00000000c5f00000 NTAMS 0x00000000c5f00000 space 1024K, 100% used [0x00000000c5e00000, 0x00000000c5f00000)
AC   0  O    TS     0 PTAMS 0x00000000c6000000 NTAMS 0x00000000c6000000 space 1024K, 100% used [0x00000000c5f00000, 0x00000000c6000000)
AC   0  O    TS     0 PTAMS 0x00000000c6100000 NTAMS 0x00000000c6100000 space 1024K, 100% used [0x00000000c6000000, 0x00000000c6100000)
AC   0  O    TS     0 PTAMS 0x00000000c6200000 NTAMS 0x00000000c6200000 space 1024K, 100% used [0x00000000c6100000, 0x00000000c6200000)
AC   0  O    TS     0 PTAMS 0x00000000c6300000 NTAMS 0x00000000c6300000 space 1024K, 100% used [0x00000000c6200000, 0x00000000c6300000)
AC   0  O    TS     0 PTAMS 0x00000000c6400000 NTAMS 0x00000000c6400000 space 1024K, 100% used [0x00000000c6300000, 0x00000000c6400000)
AC   0  O    TS     0 PTAMS 0x00000000c6500000 NTAMS 0x00000000c6500000 space 1024K, 100% used [0x00000000c6400000, 0x00000000c6500000)
AC   0  O    TS     0 PTAMS 0x00000000c6600000 NTAMS 0x00000000c6600000 space 1024K, 100% used [0x00000000c6500000, 0x00000000c6600000)
AC   0  O    TS     0 PTAMS 0x00000000c6700000 NTAMS 0x00000000c6700000 space 1024K, 100% used [0x00000000c6600000, 0x00000000c6700000)
AC   0  O    TS     0 PTAMS 0x00000000c6800000 NTAMS 0x00000000c6800000 space 1024K, 100% used [0x00000000c6700000, 0x00000000c6800000)
AC   0  O    TS     0 PTAMS 0x00000000c6900000 NTAMS 0x00000000c6900000 space 1024K, 100% used [0x00000000c6800000, 0x00000000c6900000)
AC   0  O    TS     0 PTAMS 0x00000000c6a00000 NTAMS 0x00000000c6a00000 space 1024K, 100% used [0x00000000c6900000, 0x00000000c6a00000)
AC   0  O    TS     0 PTAMS 0x00000000c6b00000 NTAMS 0x00000000c6b00000 space 1024K, 100% used [0x00000000c6a00000, 0x00000000c6b00000)
AC   0  O    TS     0 PTAMS 0x00000000c6c00000 NTAMS 0x00000000c6c00000 space 1024K, 100% used [0x00000000c6b00000, 0x00000000c6c00000)
AC   0  O    TS     0 PTAMS 0x00000000c6d00000 NTAMS 0x00000000c6d00000 space 1024K, 100% used [0x00000000c6c00000, 0x00000000c6d00000)
AC   0  O    TS     0 PTAMS 0x00000000c6e00000 NTAMS 0x00000000c6e00000 space 1024K, 100% used [0x00000000c6d00000, 0x00000000c6e00000)
AC   0  O    TS     0 PTAMS 0x00000000c6f00000 NTAMS 0x00000000c6f00000 space 1024K, 100% used [0x00000000c6e00000, 0x00000000c6f00000)
AC   0  O    TS     0 PTAMS 0x00000000c7000000 NTAMS 0x00000000c7000000 space 1024K, 100% used [0x00000000c6f00000, 0x00000000c7000000)
AC   0  O    TS     0 PTAMS 0x00000000c7100000 NTAMS 0x00000000c7100000 space 1024K, 100% used [0x00000000c7000000, 0x00000000c7100000)
AC   0  O    TS     0 PTAMS 0x00000000c7200000 NTAMS 0x00000000c7200000 space 1024K, 100% used [0x00000000c7100000, 0x00000000c7200000)
AC   0  O    TS     0 PTAMS 0x00000000c7300000 NTAMS 0x00000000c7300000 space 1024K, 100% used [0x00000000c7200000, 0x00000000c7300000)
AC   0  O    TS     0 PTAMS 0x00000000c7400000 NTAMS 0x00000000c7400000 space 1024K, 100% used [0x00000000c7300000, 0x00000000c7400000)
AC   0  O    TS     0 PTAMS 0x00000000c7500000 NTAMS 0x00000000c7500000 space 1024K, 100% used [0x00000000c7400000, 0x00000000c7500000)
AC   0  O    TS     3 PTAMS 0x00000000c7500000 NTAMS 0x00000000c7500000 space 1024K, 100% used [0x00000000c7500000, 0x00000000c7600000)
AC   0  O    TS     0 PTAMS 0x00000000c7700000 NTAMS 0x00000000c7700000 space 1024K, 100% used [0x00000000c7600000, 0x00000000c7700000)
AC   0  O    TS     0 PTAMS 0x00000000c7800000 NTAMS 0x00000000c7800000 space 1024K, 100% used [0x00000000c7700000, 0x00000000c7800000)
AC   0  O    TS     0 PTAMS 0x00000000c7900000 NTAMS 0x00000000c7900000 space 1024K, 100% used [0x00000000c7800000, 0x00000000c7900000)
AC   0  O    TS     0 PTAMS 0x00000000c7a00000 NTAMS 0x00000000c7a00000 space 1024K, 100% used [0x00000000c7900000, 0x00000000c7a00000)
AC   0  O    TS     0 PTAMS 0x00000000c7b00000 NTAMS 0x00000000c7b00000 space 1024K, 100% used [0x00000000c7a00000, 0x00000000c7b00000)
AC   0  O    TS     0 PTAMS 0x00000000c7c00000 NTAMS 0x00000000c7c00000 space 1024K, 100% used [0x00000000c7b00000, 0x00000000c7c00000)
AC   0  O    TS     0 PTAMS 0x00000000c7d00000 NTAMS 0x00000000c7d00000 space 1024K, 100% used [0x00000000c7c00000, 0x00000000c7d00000)
AC   0  O    TS     0 PTAMS 0x00000000c7e00000 NTAMS 0x00000000c7e00000 space 1024K, 100% used [0x00000000c7d00000, 0x00000000c7e00000)
AC   0  O    TS     0 PTAMS 0x00000000c7f00000 NTAMS 0x00000000c7f00000 space 1024K, 100% used [0x00000000c7e00000, 0x00000000c7f00000)
AC   0  O    TS     0 PTAMS 0x00000000c8000000 NTAMS 0x00000000c8000000 space 1024K, 100% used [0x00000000c7f00000, 0x00000000c8000000)
AC   0  O    TS     0 PTAMS 0x00000000c8100000 NTAMS 0x00000000c8100000 space 1024K, 100% used [0x00000000c8000000, 0x00000000c8100000)
AC   0  O    TS     0 PTAMS 0x00000000c8200000 NTAMS 0x00000000c8200000 space 1024K, 100% used [0x00000000c8100000, 0x00000000c8200000)
AC   0  O    TS     0 PTAMS 0x00000000c8300000 NTAMS 0x00000000c8300000 space 1024K, 100% used [0x00000000c8200000, 0x00000000c8300000)
AC   0  O    TS     0 PTAMS 0x00000000c8400000 NTAMS 0x00000000c8400000 space 1024K, 100% used [0x00000000c8300000, 0x00000000c8400000)
AC   0  O    TS     0 PTAMS 0x00000000c8500000 NTAMS 0x00000000c8500000 space 1024K, 100% used [0x00000000c8400000, 0x00000000c8500000)
AC   0  O    TS     0 PTAMS 0x00000000c8600000 NTAMS 0x00000000c8600000 space 1024K, 100% used [0x00000000c8500000, 0x00000000c8600000)
AC   0  O    TS     0 PTAMS 0x00000000c8700000 NTAMS 0x00000000c8700000 space 1024K, 100% used [0x00000000c8600000, 0x00000000c8700000)
AC   0  O    TS     0 PTAMS 0x00000000c8800000 NTAMS 0x00000000c8800000 space 1024K, 100% used [0x00000000c8700000, 0x00000000c8800000)
AC   0  O    TS     0 PTAMS 0x00000000c8900000 NTAMS 0x00000000c8900000 space 1024K, 100% used [0x00000000c8800000, 0x00000000c8900000)
AC   0  O    TS     0 PTAMS 0x00000000c8a00000 NTAMS 0x00000000c8a00000 space 1024K, 100% used [0x00000000c8900000, 0x00000000c8a00000)
AC   0  O    TS     0 PTAMS 0x00000000c8b00000 NTAMS 0x00000000c8b00000 space 1024K, 100% used [0x00000000c8a00000, 0x00000000c8b00000)
AC   0  O    TS     0 PTAMS 0x00000000c8c00000 NTAMS 0x00000000c8c00000 space 1024K, 100% used [0x00000000c8b00000, 0x00000000c8c00000)
AC   0  F    TS     0 PTAMS 0x00000000c8c00000 NTAMS 0x00000000c8c00000 space 1024K,   0% used [0x00000000c8c00000, 0x00000000c8d00000)
AC   0  O    TS     0 PTAMS 0x00000000c8e00000 NTAMS 0x00000000c8e00000 space 1024K, 100% used [0x00000000c8d00000, 0x00000000c8e00000)
AC   0  F    TS     0 PTAMS 0x00000000c8e00000 NTAMS 0x00000000c8e00000 space 1024K,   0% used [0x00000000c8e00000, 0x00000000c8f00000)
AC   0  O    TS     0 PTAMS 0x00000000c9000000 NTAMS 0x00000000c9000000 space 1024K, 100% used [0x00000000c8f00000, 0x00000000c9000000)
AC   0  O    TS     0 PTAMS 0x00000000c9100000 NTAMS 0x00000000c9100000 space 1024K, 100% used [0x00000000c9000000, 0x00000000c9100000)
AC   0  O    TS     0 PTAMS 0x00000000c9200000 NTAMS 0x00000000c9200000 space 1024K, 100% used [0x00000000c9100000, 0x00000000c9200000)
AC   0  O    TS     0 PTAMS 0x00000000c9300000 NTAMS 0x00000000c9300000 space 1024K, 100% used [0x00000000c9200000, 0x00000000c9300000)
AC   0  O    TS     0 PTAMS 0x00000000c9400000 NTAMS 0x00000000c9400000 space 1024K, 100% used [0x00000000c9300000, 0x00000000c9400000)
AC   0  O    TS     0 PTAMS 0x00000000c9500000 NTAMS 0x00000000c9500000 space 1024K, 100% used [0x00000000c9400000, 0x00000000c9500000)
AC   0  O    TS     0 PTAMS 0x00000000c9600000 NTAMS 0x00000000c9600000 space 1024K, 100% used [0x00000000c9500000, 0x00000000c9600000)
AC   0  O    TS     0 PTAMS 0x00000000c9700000 NTAMS 0x00000000c9700000 space 1024K, 100% used [0x00000000c9600000, 0x00000000c9700000)
AC   0  O    TS     0 PTAMS 0x00000000c9800000 NTAMS 0x00000000c9800000 space 1024K, 100% used [0x00000000c9700000, 0x00000000c9800000)
AC   0  O    TS     0 PTAMS 0x00000000c9900000 NTAMS 0x00000000c9900000 space 1024K, 100% used [0x00000000c9800000, 0x00000000c9900000)
AC   0  O    TS     0 PTAMS 0x00000000c9a00000 NTAMS 0x00000000c9a00000 space 1024K, 100% used [0x00000000c9900000, 0x00000000c9a00000)
AC   0  O    TS     0 PTAMS 0x00000000c9b00000 NTAMS 0x00000000c9b00000 space 1024K, 100% used [0x00000000c9a00000, 0x00000000c9b00000)
AC   0  O    TS     0 PTAMS 0x00000000c9c00000 NTAMS 0x00000000c9c00000 space 1024K, 100% used [0x00000000c9b00000, 0x00000000c9c00000)
AC   0  O    TS     0 PTAMS 0x00000000c9d00000 NTAMS 0x00000000c9d00000 space 1024K, 100% used [0x00000000c9c00000, 0x00000000c9d00000)
AC   0  O    TS     0 PTAMS 0x00000000c9e00000 NTAMS 0x00000000c9e00000 space 1024K, 100% used [0x00000000c9d00000, 0x00000000c9e00000)
AC   0  O    TS     0 PTAMS 0x00000000c9f00000 NTAMS 0x00000000c9f00000 space 1024K, 100% used [0x00000000c9e00000, 0x00000000c9f00000)
AC   0  O    TS     0 PTAMS 0x00000000ca000000 NTAMS 0x00000000ca000000 space 1024K, 100% used [0x00000000c9f00000, 0x00000000ca000000)
AC   0  O    TS     0 PTAMS 0x00000000ca100000 NTAMS 0x00000000ca100000 space 1024K, 100% used [0x00000000ca000000, 0x00000000ca100000)
AC   0  O    TS     0 PTAMS 0x00000000ca200000 NTAMS 0x00000000ca200000 space 1024K, 100% used [0x00000000ca100000, 0x00000000ca200000)
AC   0  O    TS     0 PTAMS 0x00000000ca300000 NTAMS 0x00000000ca300000 space 1024K, 100% used [0x00000000ca200000, 0x00000000ca300000)
AC   0  O    TS     0 PTAMS 0x00000000ca400000 NTAMS 0x00000000ca400000 space 1024K, 100% used [0x00000000ca300000, 0x00000000ca400000)
AC   0  O    TS     0 PTAMS 0x00000000ca500000 NTAMS 0x00000000ca500000 space 1024K, 100% used [0x00000000ca400000, 0x00000000ca500000)
AC   0  O    TS     0 PTAMS 0x00000000ca600000 NTAMS 0x00000000ca600000 space 1024K, 100% used [0x00000000ca500000, 0x00000000ca600000)
AC   0  F    TS     0 PTAMS 0x00000000ca600000 NTAMS 0x00000000ca600000 space 1024K,   0% used [0x00000000ca600000, 0x00000000ca700000)
AC   0  O    TS     0 PTAMS 0x00000000ca800000 NTAMS 0x00000000ca800000 space 1024K, 100% used [0x00000000ca700000, 0x00000000ca800000)
AC   0  F    TS     0 PTAMS 0x00000000ca800000 NTAMS 0x00000000ca800000 space 1024K,   0% used [0x00000000ca800000, 0x00000000ca900000)
AC   0  F    TS     0 PTAMS 0x00000000ca900000 NTAMS 0x00000000ca900000 space 1024K,   0% used [0x00000000ca900000, 0x00000000caa00000)
AC   0  F    TS     0 PTAMS 0x00000000caa00000 NTAMS 0x00000000caa00000 space 1024K,   0% used [0x00000000caa00000, 0x00000000cab00000)
AC   0  O    TS     0 PTAMS 0x00000000cac00000 NTAMS 0x00000000cac00000 space 1024K, 100% used [0x00000000cab00000, 0x00000000cac00000)
AC   0  O    TS     0 PTAMS 0x00000000cad00000 NTAMS 0x00000000cad00000 space 1024K, 100% used [0x00000000cac00000, 0x00000000cad00000)
AC   0  O    TS     0 PTAMS 0x00000000cae00000 NTAMS 0x00000000cae00000 space 1024K, 100% used [0x00000000cad00000, 0x00000000cae00000)
AC   0  O    TS     0 PTAMS 0x00000000caf00000 NTAMS 0x00000000caf00000 space 1024K, 100% used [0x00000000cae00000, 0x00000000caf00000)
AC   0  F    TS     0 PTAMS 0x00000000caf00000 NTAMS 0x00000000caf00000 space 1024K,   0% used [0x00000000caf00000, 0x00000000cb000000)
AC   0  O    TS     0 PTAMS 0x00000000cb100000 NTAMS 0x00000000cb100000 space 1024K, 100% used [0x00000000cb000000, 0x00000000cb100000)
AC   0  F    TS     0 PTAMS 0x00000000cb100000 NTAMS 0x00000000cb100000 space 1024K,   0% used [0x00000000cb100000, 0x00000000cb200000)
AC   0  F    TS     0 PTAMS 0x00000000cb200000 NTAMS 0x00000000cb200000 space 1024K,   0% used [0x00000000cb200000, 0x00000000cb300000)
AC   0  O    TS     3 PTAMS 0x00000000cb300000 NTAMS 0x00000000cb300000 space 1024K, 100% used [0x00000000cb300000, 0x00000000cb400000)
AC   0  O    TS     3 PTAMS 0x00000000cb400000 NTAMS 0x00000000cb400000 space 1024K, 100% used [0x00000000cb400000, 0x00000000cb500000)
AC   0  O    TS     3 PTAMS 0x00000000cb500000 NTAMS 0x00000000cb500000 space 1024K, 100% used [0x00000000cb500000, 0x00000000cb600000)
AC   0  O    TS     3 PTAMS 0x00000000cb600000 NTAMS 0x00000000cb600000 space 1024K, 100% used [0x00000000cb600000, 0x00000000cb700000)
AC   0  O    TS     3 PTAMS 0x00000000cb700000 NTAMS 0x00000000cb700000 space 1024K, 100% used [0x00000000cb700000, 0x00000000cb800000)
AC   0  O    TS     3 PTAMS 0x00000000cb800000 NTAMS 0x00000000cb800000 space 1024K, 100% used [0x00000000cb800000, 0x00000000cb900000)
AC   0  O    TS     3 PTAMS 0x00000000cb900000 NTAMS 0x00000000cb900000 space 1024K, 100% used [0x00000000cb900000, 0x00000000cba00000)
AC   0  O    TS     3 PTAMS 0x00000000cba00000 NTAMS 0x00000000cba00000 space 1024K, 100% used [0x00000000cba00000, 0x00000000cbb00000)
AC   0  O    TS     3 PTAMS 0x00000000cbb00000 NTAMS 0x00000000cbb00000 space 1024K, 100% used [0x00000000cbb00000, 0x00000000cbc00000)
AC   0  O    TS     3 PTAMS 0x00000000cbc00000 NTAMS 0x00000000cbc00000 space 1024K, 100% used [0x00000000cbc00000, 0x00000000cbd00000)
AC   0  O    TS     3 PTAMS 0x00000000cbd00000 NTAMS 0x00000000cbd00000 space 1024K, 100% used [0x00000000cbd00000, 0x00000000cbe00000)
AC   0  O    TS     3 PTAMS 0x00000000cbe00000 NTAMS 0x00000000cbe00000 space 1024K,  79% used [0x00000000cbe00000, 0x00000000cbf00000)
AC   0  F    TS     0 PTAMS 0x00000000cbf00000 NTAMS 0x00000000cbf00000 space 1024K,   0% used [0x00000000cbf00000, 0x00000000cc000000)
AC   0  F    TS     0 PTAMS 0x00000000cc000000 NTAMS 0x00000000cc000000 space 1024K,   0% used [0x00000000cc000000, 0x00000000cc100000)
AC   0  F    TS     0 PTAMS 0x00000000cc100000 NTAMS 0x00000000cc100000 space 1024K,   0% used [0x00000000cc100000, 0x00000000cc200000)
AC   0  F    TS     0 PTAMS 0x00000000cc200000 NTAMS 0x00000000cc200000 space 1024K,   0% used [0x00000000cc200000, 0x00000000cc300000)
AC   0  F    TS     0 PTAMS 0x00000000cc300000 NTAMS 0x00000000cc300000 space 1024K,   0% used [0x00000000cc300000, 0x00000000cc400000)
AC   0  F    TS     0 PTAMS 0x00000000cc400000 NTAMS 0x00000000cc400000 space 1024K,   0% used [0x00000000cc400000, 0x00000000cc500000)
AC   0  F    TS     0 PTAMS 0x00000000cc500000 NTAMS 0x00000000cc500000 space 1024K,   0% used [0x00000000cc500000, 0x00000000cc600000)
AC   0  F    TS     0 PTAMS 0x00000000cc600000 NTAMS 0x00000000cc600000 space 1024K,   0% used [0x00000000cc600000, 0x00000000cc700000)
AC   0  F    TS     0 PTAMS 0x00000000cc700000 NTAMS 0x00000000cc700000 space 1024K,   0% used [0x00000000cc700000, 0x00000000cc800000)
AC   0  F    TS     0 PTAMS 0x00000000cc800000 NTAMS 0x00000000cc800000 space 1024K,   0% used [0x00000000cc800000, 0x00000000cc900000)
AC   0  F    TS     0 PTAMS 0x00000000cc900000 NTAMS 0x00000000cc900000 space 1024K,   0% used [0x00000000cc900000, 0x00000000cca00000)
AC   0  F    TS     0 PTAMS 0x00000000cca00000 NTAMS 0x00000000cca00000 space 1024K,   0% used [0x00000000cca00000, 0x00000000ccb00000)
AC   0  F    TS     0 PTAMS 0x00000000ccb00000 NTAMS 0x00000000ccb00000 space 1024K,   0% used [0x00000000ccb00000, 0x00000000ccc00000)
AC   0  F    TS     0 PTAMS 0x00000000ccc00000 NTAMS 0x00000000ccc00000 space 1024K,   0% used [0x00000000ccc00000, 0x00000000ccd00000)
AC   0  F    TS     0 PTAMS 0x00000000ccd00000 NTAMS 0x00000000ccd00000 space 1024K,   0% used [0x00000000ccd00000, 0x00000000cce00000)
AC   0  F    TS     0 PTAMS 0x00000000cce00000 NTAMS 0x00000000cce00000 space 1024K,   0% used [0x00000000cce00000, 0x00000000ccf00000)
AC   0  F    TS     0 PTAMS 0x00000000ccf00000 NTAMS 0x00000000ccf00000 space 1024K,   0% used [0x00000000ccf00000, 0x00000000cd000000)
AC   0  F    TS     0 PTAMS 0x00000000cd000000 NTAMS 0x00000000cd000000 space 1024K,   0% used [0x00000000cd000000, 0x00000000cd100000)
AC   0  F    TS     1 PTAMS 0x00000000cd100000 NTAMS 0x00000000cd100000 space 1024K,   0% used [0x00000000cd100000, 0x00000000cd200000)
AC   0  F    TS     1 PTAMS 0x00000000cd200000 NTAMS 0x00000000cd200000 space 1024K,   0% used [0x00000000cd200000, 0x00000000cd300000)
AC   0  F    TS     1 PTAMS 0x00000000cd300000 NTAMS 0x00000000cd300000 space 1024K,   0% used [0x00000000cd300000, 0x00000000cd400000)
AC   0  F    TS     1 PTAMS 0x00000000cd400000 NTAMS 0x00000000cd400000 space 1024K,   0% used [0x00000000cd400000, 0x00000000cd500000)
AC   0  F    TS     0 PTAMS 0x00000000cd500000 NTAMS 0x00000000cd500000 space 1024K,   0% used [0x00000000cd500000, 0x00000000cd600000)
AC   0  F    TS     0 PTAMS 0x00000000cd600000 NTAMS 0x00000000cd600000 space 1024K,   0% used [0x00000000cd600000, 0x00000000cd700000)
AC   0  F    TS     0 PTAMS 0x00000000cd700000 NTAMS 0x00000000cd700000 space 1024K,   0% used [0x00000000cd700000, 0x00000000cd800000)
AC   0  F    TS     0 PTAMS 0x00000000cd800000 NTAMS 0x00000000cd800000 space 1024K,   0% used [0x00000000cd800000, 0x00000000cd900000)
AC   0  F    TS     0 PTAMS 0x00000000cd900000 NTAMS 0x00000000cd900000 space 1024K,   0% used [0x00000000cd900000, 0x00000000cda00000)
AC   0  F    TS     0 PTAMS 0x00000000cda00000 NTAMS 0x00000000cda00000 space 1024K,   0% used [0x00000000cda00000, 0x00000000cdb00000)
AC   0  F    TS     0 PTAMS 0x00000000cdb00000 NTAMS 0x00000000cdb00000 space 1024K,   0% used [0x00000000cdb00000, 0x00000000cdc00000)
AC   0  F    TS     0 PTAMS 0x00000000cdc00000 NTAMS 0x00000000cdc00000 space 1024K,   0% used [0x00000000cdc00000, 0x00000000cdd00000)
AC   0  F    TS     0 PTAMS 0x00000000cdd00000 NTAMS 0x00000000cdd00000 space 1024K,   0% used [0x00000000cdd00000, 0x00000000cde00000)
AC   0  F    TS     0 PTAMS 0x00000000cde00000 NTAMS 0x00000000cde00000 space 1024K,   0% used [0x00000000cde00000, 0x00000000cdf00000)
AC   0  F    TS     0 PTAMS 0x00000000cdf00000 NTAMS 0x00000000cdf00000 space 1024K,   0% used [0x00000000cdf00000, 0x00000000ce000000)
AC   0  F    TS     0 PTAMS 0x00000000ce000000 NTAMS 0x00000000ce000000 space 1024K,   0% used [0x00000000ce000000, 0x00000000ce100000)
AC   0  F    TS     0 PTAMS 0x00000000ce100000 NTAMS 0x00000000ce100000 space 1024K,   0% used [0x00000000ce100000, 0x00000000ce200000)
AC   0  F    TS     0 PTAMS 0x00000000ce200000 NTAMS 0x00000000ce200000 space 1024K,   0% used [0x00000000ce200000, 0x00000000ce300000)
AC   0  F    TS     0 PTAMS 0x00000000ce300000 NTAMS 0x00000000ce300000 space 1024K,   0% used [0x00000000ce300000, 0x00000000ce400000)
AC   0  F    TS     0 PTAMS 0x00000000ce400000 NTAMS 0x00000000ce400000 space 1024K,   0% used [0x00000000ce400000, 0x00000000ce500000)
AC   0  F    TS     0 PTAMS 0x00000000ce500000 NTAMS 0x00000000ce500000 space 1024K,   0% used [0x00000000ce500000, 0x00000000ce600000)
AC   0  F    TS     0 PTAMS 0x00000000ce600000 NTAMS 0x00000000ce600000 space 1024K,   0% used [0x00000000ce600000, 0x00000000ce700000)
AC   0  F    TS     0 PTAMS 0x00000000ce700000 NTAMS 0x00000000ce700000 space 1024K,   0% used [0x00000000ce700000, 0x00000000ce800000)
AC   0  F    TS     0 PTAMS 0x00000000ce800000 NTAMS 0x00000000ce800000 space 1024K,   0% used [0x00000000ce800000, 0x00000000ce900000)
AC   0  F    TS     0 PTAMS 0x00000000ce900000 NTAMS 0x00000000ce900000 space 1024K,   0% used [0x00000000ce900000, 0x00000000cea00000)
AC   0  F    TS     0 PTAMS 0x00000000cea00000 NTAMS 0x00000000cea00000 space 1024K,   0% used [0x00000000cea00000, 0x00000000ceb00000)
AC   0  F    TS     0 PTAMS 0x00000000ceb00000 NTAMS 0x00000000ceb00000 space 1024K,   0% used [0x00000000ceb00000, 0x00000000cec00000)
AC   0  F    TS     0 PTAMS 0x00000000cec00000 NTAMS 0x00000000cec00000 space 1024K,   0% used [0x00000000cec00000, 0x00000000ced00000)
AC   0  F    TS     0 PTAMS 0x00000000ced00000 NTAMS 0x00000000ced00000 space 1024K,   0% used [0x00000000ced00000, 0x00000000cee00000)
AC   0  F    TS     0 PTAMS 0x00000000cee00000 NTAMS 0x00000000cee00000 space 1024K,   0% used [0x00000000cee00000, 0x00000000cef00000)
AC   0  F    TS     0 PTAMS 0x00000000cef00000 NTAMS 0x00000000cef00000 space 1024K,   0% used [0x00000000cef00000, 0x00000000cf000000)
AC   0  F    TS     0 PTAMS 0x00000000cf000000 NTAMS 0x00000000cf000000 space 1024K,   0% used [0x00000000cf000000, 0x00000000cf100000)
AC   0  F    TS     0 PTAMS 0x00000000cf100000 NTAMS 0x00000000cf100000 space 1024K,   0% used [0x00000000cf100000, 0x00000000cf200000)
AC   0  F    TS     0 PTAMS 0x00000000cf200000 NTAMS 0x00000000cf200000 space 1024K,   0% used [0x00000000cf200000, 0x00000000cf300000)
AC   0  F    TS     0 PTAMS 0x00000000cf300000 NTAMS 0x00000000cf300000 space 1024K,   0% used [0x00000000cf300000, 0x00000000cf400000)
AC   0  F    TS     0 PTAMS 0x00000000cf400000 NTAMS 0x00000000cf400000 space 1024K,   0% used [0x00000000cf400000, 0x00000000cf500000)
AC   0  F    TS     0 PTAMS 0x00000000cf500000 NTAMS 0x00000000cf500000 space 1024K,   0% used [0x00000000cf500000, 0x00000000cf600000)
AC   0  E    TS     0 PTAMS 0x00000000cf600000 NTAMS 0x00000000cf600000 space 1024K, 100% used [0x00000000cf600000, 0x00000000cf700000)
AC   0  E CS TS     0 PTAMS 0x00000000cf700000 NTAMS 0x00000000cf700000 space 1024K, 100% used [0x00000000cf700000, 0x00000000cf800000)
AC   0  E CS TS     0 PTAMS 0x00000000cf800000 NTAMS 0x00000000cf800000 space 1024K, 100% used [0x00000000cf800000, 0x00000000cf900000)
AC   0  E CS TS     0 PTAMS 0x00000000cf900000 NTAMS 0x00000000cf900000 space 1024K, 100% used [0x00000000cf900000, 0x00000000cfa00000)
AC   0  E CS TS     0 PTAMS 0x00000000cfa00000 NTAMS 0x00000000cfa00000 space 1024K, 100% used [0x00000000cfa00000, 0x00000000cfb00000)
AC   0  E CS TS     0 PTAMS 0x00000000cfb00000 NTAMS 0x00000000cfb00000 space 1024K, 100% used [0x00000000cfb00000, 0x00000000cfc00000)
AC   0  E CS TS     0 PTAMS 0x00000000cfc00000 NTAMS 0x00000000cfc00000 space 1024K, 100% used [0x00000000cfc00000, 0x00000000cfd00000)
AC   0  E CS TS     0 PTAMS 0x00000000cfd00000 NTAMS 0x00000000cfd00000 space 1024K, 100% used [0x00000000cfd00000, 0x00000000cfe00000)
AC   0  E CS TS     0 PTAMS 0x00000000cfe00000 NTAMS 0x00000000cfe00000 space 1024K, 100% used [0x00000000cfe00000, 0x00000000cff00000)
AC   0  E CS TS     0 PTAMS 0x00000000cff00000 NTAMS 0x00000000cff00000 space 1024K, 100% used [0x00000000cff00000, 0x00000000d0000000)
AC   0  E CS TS     0 PTAMS 0x00000000d0000000 NTAMS 0x00000000d0000000 space 1024K, 100% used [0x00000000d0000000, 0x00000000d0100000)
AC   0  E CS TS     0 PTAMS 0x00000000d0100000 NTAMS 0x00000000d0100000 space 1024K, 100% used [0x00000000d0100000, 0x00000000d0200000)
AC   0  E CS TS     0 PTAMS 0x00000000d0200000 NTAMS 0x00000000d0200000 space 1024K, 100% used [0x00000000d0200000, 0x00000000d0300000)
AC   0  E CS TS     0 PTAMS 0x00000000d0300000 NTAMS 0x00000000d0300000 space 1024K, 100% used [0x00000000d0300000, 0x00000000d0400000)
AC   0  E CS TS     0 PTAMS 0x00000000d0400000 NTAMS 0x00000000d0400000 space 1024K, 100% used [0x00000000d0400000, 0x00000000d0500000)
AC   0  E CS TS     0 PTAMS 0x00000000d0500000 NTAMS 0x00000000d0500000 space 1024K, 100% used [0x00000000d0500000, 0x00000000d0600000)
AC   0  E CS TS     0 PTAMS 0x00000000d0600000 NTAMS 0x00000000d0600000 space 1024K, 100% used [0x00000000d0600000, 0x00000000d0700000)
AC   0  E CS TS     0 PTAMS 0x00000000d0700000 NTAMS 0x00000000d0700000 space 1024K, 100% used [0x00000000d0700000, 0x00000000d0800000)
AC   0  E CS TS     0 PTAMS 0x00000000d0800000 NTAMS 0x00000000d0800000 space 1024K, 100% used [0x00000000d0800000, 0x00000000d0900000)
AC   0  E CS TS     0 PTAMS 0x00000000d0900000 NTAMS 0x00000000d0900000 space 1024K, 100% used [0x00000000d0900000, 0x00000000d0a00000)
AC   0  E CS TS     0 PTAMS 0x00000000d0a00000 NTAMS 0x00000000d0a00000 space 1024K, 100% used [0x00000000d0a00000, 0x00000000d0b00000)
AC   0  E CS TS     0 PTAMS 0x00000000d0b00000 NTAMS 0x00000000d0b00000 space 1024K, 100% used [0x00000000d0b00000, 0x00000000d0c00000)
AC   0  E CS TS     0 PTAMS 0x00000000d0c00000 NTAMS 0x00000000d0c00000 space 1024K, 100% used [0x00000000d0c00000, 0x00000000d0d00000)
AC   0  E CS TS     0 PTAMS 0x00000000d0d00000 NTAMS 0x00000000d0d00000 space 1024K, 100% used [0x00000000d0d00000, 0x00000000d0e00000)
AC   0  E CS TS     0 PTAMS 0x00000000d0e00000 NTAMS 0x00000000d0e00000 space 1024K, 100% used [0x00000000d0e00000, 0x00000000d0f00000)
AC   0  S CS TS     3 PTAMS 0x00000000d0f00000 NTAMS 0x00000000d0f00000 space 1024K,  92% used [0x00000000d0f00000, 0x00000000d1000000)
AC   0  S CS TS     3 PTAMS 0x00000000d1000000 NTAMS 0x00000000d1000000 space 1024K, 100% used [0x00000000d1000000, 0x00000000d1100000)
AC   0  E CS TS     0 PTAMS 0x00000000d1100000 NTAMS 0x00000000d1100000 space 1024K, 100% used [0x00000000d1100000, 0x00000000d1200000)
AC   0  E CS TS     0 PTAMS 0x00000000d1200000 NTAMS 0x00000000d1200000 space 1024K, 100% used [0x00000000d1200000, 0x00000000d1300000)
AC   0  E CS TS     0 PTAMS 0x00000000d1300000 NTAMS 0x00000000d1300000 space 1024K, 100% used [0x00000000d1300000, 0x00000000d1400000)
AC   0  E CS TS     0 PTAMS 0x00000000d1400000 NTAMS 0x00000000d1400000 space 1024K, 100% used [0x00000000d1400000, 0x00000000d1500000)
AC   0  E CS TS     0 PTAMS 0x00000000d1500000 NTAMS 0x00000000d1500000 space 1024K, 100% used [0x00000000d1500000, 0x00000000d1600000)
AC   0  E CS TS     0 PTAMS 0x00000000d1600000 NTAMS 0x00000000d1600000 space 1024K, 100% used [0x00000000d1600000, 0x00000000d1700000)
AC   0  E CS TS     0 PTAMS 0x00000000d1700000 NTAMS 0x00000000d1700000 space 1024K, 100% used [0x00000000d1700000, 0x00000000d1800000)
AC   0  E CS TS     0 PTAMS 0x00000000d1800000 NTAMS 0x00000000d1800000 space 1024K, 100% used [0x00000000d1800000, 0x00000000d1900000)
AC   0  O    TS     0 PTAMS 0x00000000d1a00000 NTAMS 0x00000000d1a00000 space 1024K, 100% used [0x00000000d1900000, 0x00000000d1a00000)
AC   0  O    TS     0 PTAMS 0x00000000d1b00000 NTAMS 0x00000000d1b00000 space 1024K, 100% used [0x00000000d1a00000, 0x00000000d1b00000)
AC   0  O    TS     0 PTAMS 0x00000000d1c00000 NTAMS 0x00000000d1c00000 space 1024K, 100% used [0x00000000d1b00000, 0x00000000d1c00000)
AC   0  O    TS     0 PTAMS 0x00000000d1d00000 NTAMS 0x00000000d1d00000 space 1024K, 100% used [0x00000000d1c00000, 0x00000000d1d00000)
AC   0  E CS TS     0 PTAMS 0x00000000d1d00000 NTAMS 0x00000000d1d00000 space 1024K, 100% used [0x00000000d1d00000, 0x00000000d1e00000)
AC   0  E CS TS     0 PTAMS 0x00000000d1e00000 NTAMS 0x00000000d1e00000 space 1024K, 100% used [0x00000000d1e00000, 0x00000000d1f00000)

Card table byte_map: [0x0000000012ee0000,0x00000000130e0000] byte_map_base: 0x00000000128e0000

Marking Bits (Prev, Next): (CMBitMap*) 0x00000000028c9290, (CMBitMap*) 0x00000000028c9238
 Prev Bits: [0x00000000142e0000, 0x00000000152e0000)
 Next Bits: [0x00000000132e0000, 0x00000000142e0000)

Polling page: 0x0000000002430000

CodeCache: size=245760Kb used=54513Kb max_used=54603Kb free=191246Kb
 bounds [0x00000000029e0000, 0x0000000005f80000, 0x00000000119e0000]
 total_blobs=16270 nmethods=15182 adapters=996
 compilation: enabled

Compilation events (10 events):
Event: 230.104 Thread 0x00000000186d8800 19680       3       org.eclipse.swt.custom.CTabItem::getToolTipText (41 bytes)
Event: 230.105 Thread 0x00000000186d8800 nmethod 19680 0x0000000005cf23d0 code [0x0000000005cf2560, 0x0000000005cf2a88]
Event: 230.343 Thread 0x000000001868b800 19681  s    4       org.eclipse.e4.core.internal.contexts.WeakGroupedListenerList::getListeners (107 bytes)
Event: 230.345 Thread 0x00000000186d7800 19682       4       org.eclipse.ui.internal.services.ServiceLocator::getService (169 bytes)
Event: 230.352 Thread 0x00000000186d8800 19683  s    3       org.eclipse.e4.core.internal.contexts.WeakGroupedListenerList::remove (60 bytes)
Event: 230.353 Thread 0x00000000186d8800 nmethod 19683 0x0000000005cf3c90 code [0x0000000005cf3ea0, 0x0000000005cf4aa8]
Event: 230.357 Thread 0x00000000186d7800 nmethod 19682 0x0000000005ceb9d0 code [0x0000000005cebb80, 0x0000000005cec2e0]
Event: 230.358 Thread 0x00000000186d8800 19684   !   3       java.util.Collections$SynchronizedMap::remove (25 bytes)
Event: 230.358 Thread 0x00000000186d8800 nmethod 19684 0x0000000005f70910 code [0x0000000005f70a80, 0x0000000005f70e28]
Event: 230.359 Thread 0x00000000186d7800 19685 %s    4       org.eclipse.e4.core.internal.contexts.WeakGroupedListenerList::remove @ 30 (60 bytes)

GC Heap History (10 events):
Event: 141.191 GC heap before
{Heap before GC invocations=54 (full 0):
 garbage-first heap   total 293888K, used 184963K [0x00000000c0000000, 0x00000000c01008f8, 0x0000000100000000)
  region size 1024K, 14 young (14336K), 7 survivors (7168K)
 Metaspace       used 125316K, capacity 138722K, committed 139032K, reserved 1169408K
  class space    used 15672K, capacity 19120K, committed 19224K, reserved 1048576K
Event: 141.264 GC heap after
Heap after GC invocations=55 (full 0):
 garbage-first heap   total 293888K, used 174592K [0x00000000c0000000, 0x00000000c01008f8, 0x0000000100000000)
  region size 1024K, 2 young (2048K), 2 survivors (2048K)
 Metaspace       used 125316K, capacity 138722K, committed 139032K, reserved 1169408K
  class space    used 15672K, capacity 19120K, committed 19224K, reserved 1048576K
}
Event: 152.245 GC heap before
{Heap before GC invocations=55 (full 0):
 garbage-first heap   total 293888K, used 254464K [0x00000000c0000000, 0x00000000c01008f8, 0x0000000100000000)
  region size 1024K, 80 young (81920K), 2 survivors (2048K)
 Metaspace       used 126085K, capacity 139608K, committed 139800K, reserved 1169408K
  class space    used 15742K, capacity 19165K, committed 19224K, reserved 1048576K
Event: 152.278 GC heap after
Heap after GC invocations=56 (full 0):
 garbage-first heap   total 293888K, used 185856K [0x00000000c0000000, 0x00000000c01008f8, 0x0000000100000000)
  region size 1024K, 10 young (10240K), 10 survivors (10240K)
 Metaspace       used 126085K, capacity 139608K, committed 139800K, reserved 1169408K
  class space    used 15742K, capacity 19165K, committed 19224K, reserved 1048576K
}
Event: 152.374 GC heap before
{Heap before GC invocations=56 (full 0):
 garbage-first heap   total 293888K, used 189952K [0x00000000c0000000, 0x00000000c01008f8, 0x0000000100000000)
  region size 1024K, 15 young (15360K), 10 survivors (10240K)
 Metaspace       used 126129K, capacity 139614K, committed 139800K, reserved 1169408K
  class space    used 15752K, capacity 19166K, committed 19224K, reserved 1048576K
Event: 152.398 GC heap after
Heap after GC invocations=57 (full 0):
 garbage-first heap   total 293888K, used 187392K [0x00000000c0000000, 0x00000000c01008f8, 0x0000000100000000)
  region size 1024K, 3 young (3072K), 3 survivors (3072K)
 Metaspace       used 126129K, capacity 139614K, committed 139800K, reserved 1169408K
  class space    used 15752K, capacity 19166K, committed 19224K, reserved 1048576K
}
Event: 172.391 GC heap before
{Heap before GC invocations=58 (full 0):
 garbage-first heap   total 293888K, used 256647K [0x00000000c0000000, 0x00000000c01008f8, 0x0000000100000000)
  region size 1024K, 70 young (71680K), 3 survivors (3072K)
 Metaspace       used 127030K, capacity 140446K, committed 140696K, reserved 1171456K
  class space    used 15815K, capacity 19263K, committed 19352K, reserved 1048576K
Event: 172.414 GC heap after
Heap after GC invocations=59 (full 0):
 garbage-first heap   total 293888K, used 188831K [0x00000000c0000000, 0x00000000c01008f8, 0x0000000100000000)
  region size 1024K, 4 young (4096K), 4 survivors (4096K)
 Metaspace       used 127030K, capacity 140446K, committed 140696K, reserved 1171456K
  class space    used 15815K, capacity 19263K, committed 19352K, reserved 1048576K
}
Event: 185.777 GC heap before
{Heap before GC invocations=59 (full 0):
 garbage-first heap   total 293888K, used 199071K [0x00000000c0000000, 0x00000000c01008f8, 0x0000000100000000)
  region size 1024K, 14 young (14336K), 4 survivors (4096K)
 Metaspace       used 127031K, capacity 140446K, committed 140696K, reserved 1171456K
  class space    used 15815K, capacity 19263K, committed 19352K, reserved 1048576K
Event: 185.803 GC heap after
Heap after GC invocations=60 (full 0):
 garbage-first heap   total 293888K, used 184546K [0x00000000c0000000, 0x00000000c01008f8, 0x0000000100000000)
  region size 1024K, 2 young (2048K), 2 survivors (2048K)
 Metaspace       used 127031K, capacity 140446K, committed 140696K, reserved 1171456K
  class space    used 15815K, capacity 19263K, committed 19352K, reserved 1048576K
}

Deoptimization events (10 events):
Event: 152.242 Thread 0x0000000002890800 Uncommon trap: reason=bimorphic action=maybe_recompile pc=0x0000000005cdb108 method=org.eclipse.wb.internal.core.utils.ast.AstNodeUtils.getFullyQualifiedName(Lorg/eclipse/jdt/core/dom/ITypeBinding;ZZ)Ljava/lang/String; @ 9
Event: 152.242 Thread 0x0000000002890800 Uncommon trap: reason=bimorphic action=maybe_recompile pc=0x0000000005cdb108 method=org.eclipse.wb.internal.core.utils.ast.AstNodeUtils.getFullyQualifiedName(Lorg/eclipse/jdt/core/dom/ITypeBinding;ZZ)Ljava/lang/String; @ 9
Event: 152.242 Thread 0x0000000002890800 Uncommon trap: reason=bimorphic action=maybe_recompile pc=0x0000000005cdb108 method=org.eclipse.wb.internal.core.utils.ast.AstNodeUtils.getFullyQualifiedName(Lorg/eclipse/jdt/core/dom/ITypeBinding;ZZ)Ljava/lang/String; @ 9
Event: 161.234 Thread 0x0000000002890800 Uncommon trap: reason=unstable_if action=reinterpret pc=0x0000000005874f04 method=org.eclipse.jdt.internal.compiler.util.Util.getLineNumber(I[III)I @ 8
Event: 161.264 Thread 0x0000000002890800 Uncommon trap: reason=range_check action=make_not_entrant pc=0x0000000004ca6a28 method=org.eclipse.jdt.internal.compiler.parser.Scanner.getNextCharAsDigit(I)Z @ 34
Event: 161.264 Thread 0x0000000002890800 Uncommon trap: reason=range_check action=make_not_entrant pc=0x0000000002d962f0 method=org.eclipse.jdt.internal.compiler.parser.Scanner.getNextChar(C)Z @ 39
Event: 161.264 Thread 0x0000000002890800 Uncommon trap: reason=range_check action=make_not_entrant pc=0x0000000003f90d68 method=org.eclipse.jdt.internal.compiler.parser.Scanner.getNextChar(CC)I @ 34
Event: 163.613 Thread 0x0000000002890800 Uncommon trap: reason=unstable_if action=reinterpret pc=0x00000000033faa74 method=org.eclipse.swt.widgets.EventTable.sendEvent(Lorg/eclipse/swt/widgets/Event;)V @ 17
Event: 228.168 Thread 0x0000000002890800 Uncommon trap: reason=unstable_if action=reinterpret pc=0x0000000003be5dc0 method=org.eclipse.swt.graphics.TextStyle.equals(Ljava/lang/Object;)Z @ 86
Event: 230.335 Thread 0x0000000002890800 Uncommon trap: reason=null_check action=make_not_entrant pc=0x0000000004d60ddc method=org.eclipse.e4.core.internal.contexts.WeakGroupedListenerList.getListeners(Ljava/lang/String;)Ljava/util/Set; @ 58

Classes redefined (0 events):
No events

Internal exceptions (10 events):
Event: 167.891 Thread 0x0000000002890800 Exception <a 'java/lang/ArrayIndexOutOfBoundsException'> (0x00000000ce076d28) thrown at [C:\ade\jenkins\workspace\8-2-build-windows-amd64-cygwin\jdk8u241\331\hotspot\src\share\vm\runtime\sharedRuntime.cpp, line 605]
Event: 167.891 Thread 0x0000000002890800 Exception <a 'java/lang/ArrayIndexOutOfBoundsException'> (0x00000000ce077330) thrown at [C:\ade\jenkins\workspace\8-2-build-windows-amd64-cygwin\jdk8u241\331\hotspot\src\share\vm\runtime\sharedRuntime.cpp, line 605]
Event: 167.891 Thread 0x0000000002890800 Exception <a 'java/lang/ArrayIndexOutOfBoundsException'> (0x00000000ce077938) thrown at [C:\ade\jenkins\workspace\8-2-build-windows-amd64-cygwin\jdk8u241\331\hotspot\src\share\vm\runtime\sharedRuntime.cpp, line 605]
Event: 167.892 Thread 0x0000000002890800 Exception <a 'java/lang/ArrayIndexOutOfBoundsException'> (0x00000000ce077f40) thrown at [C:\ade\jenkins\workspace\8-2-build-windows-amd64-cygwin\jdk8u241\331\hotspot\src\share\vm\runtime\sharedRuntime.cpp, line 605]
Event: 167.893 Thread 0x0000000002890800 Exception <a 'java/lang/ArrayIndexOutOfBoundsException'> (0x00000000ce0c7fc0) thrown at [C:\ade\jenkins\workspace\8-2-build-windows-amd64-cygwin\jdk8u241\331\hotspot\src\share\vm\runtime\sharedRuntime.cpp, line 605]
Event: 167.898 Thread 0x0000000002890800 Exception <a 'java/lang/ArrayIndexOutOfBoundsException'> (0x00000000cdf54748) thrown at [C:\ade\jenkins\workspace\8-2-build-windows-amd64-cygwin\jdk8u241\331\hotspot\src\share\vm\runtime\sharedRuntime.cpp, line 605]
Event: 167.898 Thread 0x0000000002890800 Exception <a 'java/lang/ArrayIndexOutOfBoundsException'> (0x00000000cdf54d50) thrown at [C:\ade\jenkins\workspace\8-2-build-windows-amd64-cygwin\jdk8u241\331\hotspot\src\share\vm\runtime\sharedRuntime.cpp, line 605]
Event: 167.898 Thread 0x0000000002890800 Exception <a 'java/lang/ArrayIndexOutOfBoundsException'> (0x00000000cdf55358) thrown at [C:\ade\jenkins\workspace\8-2-build-windows-amd64-cygwin\jdk8u241\331\hotspot\src\share\vm\runtime\sharedRuntime.cpp, line 605]
Event: 167.898 Thread 0x0000000002890800 Exception <a 'java/lang/ArrayIndexOutOfBoundsException'> (0x00000000cdf55960) thrown at [C:\ade\jenkins\workspace\8-2-build-windows-amd64-cygwin\jdk8u241\331\hotspot\src\share\vm\runtime\sharedRuntime.cpp, line 605]
Event: 230.334 Thread 0x0000000002890800 Implicit null exception at 0x0000000004d60318 to 0x0000000004d60dcd

Events (10 events):
Event: 228.153 Thread 0x000000001868b800 flushing nmethod 0x0000000005cd3790
Event: 228.153 Thread 0x000000001868b800 flushing nmethod 0x0000000005ce5a90
Event: 228.168 Thread 0x0000000002890800 Uncommon trap: trap_request=0xffffff65 fr.pc=0x0000000003be5dc0
Event: 228.168 Thread 0x0000000002890800 DEOPT PACKING pc=0x0000000003be5dc0 sp=0x00000000006fd650
Event: 228.168 Thread 0x0000000002890800 DEOPT UNPACKING pc=0x0000000002a2583b sp=0x00000000006fd5f0 mode 2
Event: 230.334 Thread 0x0000000002890800 Uncommon trap: trap_request=0xfffffff4 fr.pc=0x0000000004d60ddc
Event: 230.334 Executing VM operation: RevokeBias
Event: 230.335 Executing VM operation: RevokeBias done
Event: 230.335 Thread 0x0000000002890800 DEOPT PACKING pc=0x0000000004d60ddc sp=0x00000000006fd270
Event: 230.335 Thread 0x0000000002890800 DEOPT UNPACKING pc=0x0000000002a2583b sp=0x00000000006fd230 mode 2


Dynamic libraries:
0x00007ff6405d0000 - 0x00007ff64063a000 	C:\Users\User\eclipse\java-2019-09\eclipse\eclipse.exe
0x00007ffd48ec0000 - 0x00007ffd490b0000 	C:\WINDOWS\SYSTEM32\ntdll.dll
0x00007ffd46f70000 - 0x00007ffd47022000 	C:\WINDOWS\System32\KERNEL32.DLL
0x00007ffd45fd0000 - 0x00007ffd46273000 	C:\WINDOWS\System32\KERNELBASE.dll
0x00007ffd48c10000 - 0x00007ffd48da4000 	C:\WINDOWS\System32\USER32.dll
0x00007ffd45e50000 - 0x00007ffd45e71000 	C:\WINDOWS\System32\win32u.dll
0x00007ffd48500000 - 0x00007ffd48526000 	C:\WINDOWS\System32\GDI32.dll
0x00007ffd46b50000 - 0x00007ffd46ce4000 	C:\WINDOWS\System32\gdi32full.dll
0x00007ffd46a80000 - 0x00007ffd46b1e000 	C:\WINDOWS\System32\msvcp_win.dll
0x00007ffd46da0000 - 0x00007ffd46e9a000 	C:\WINDOWS\System32\ucrtbase.dll
0x00007ffd351c0000 - 0x00007ffd35445000 	C:\WINDOWS\WinSxS\amd64_microsoft.windows.common-controls_6595b64144ccf1df_6.0.18362.720_none_e6beb5c51314836b\COMCTL32.dll
0x00007ffd48070000 - 0x00007ffd4810e000 	C:\WINDOWS\System32\msvcrt.dll
0x00007ffd48790000 - 0x00007ffd48ac6000 	C:\WINDOWS\System32\combase.dll
0x00007ffd472b0000 - 0x00007ffd473d0000 	C:\WINDOWS\System32\RPCRT4.dll
0x00007ffd46ea0000 - 0x00007ffd46f20000 	C:\WINDOWS\System32\bcryptPrimitives.dll
0x00007ffd47fa0000 - 0x00007ffd47fce000 	C:\WINDOWS\System32\IMM32.DLL
0x00007ffd42880000 - 0x00007ffd428a9000 	C:\Users\User\.p2\pool\plugins\org.eclipse.equinox.launcher.win32.win32.x86_64_1.1.1100.v20190907-0426\eclipse_1902.dll
0x00007ffd48530000 - 0x00007ffd485d3000 	C:\WINDOWS\System32\ADVAPI32.dll
0x00007ffd48270000 - 0x00007ffd48307000 	C:\WINDOWS\System32\sechost.dll
0x00007ffd37c80000 - 0x00007ffd37c8a000 	C:\WINDOWS\SYSTEM32\VERSION.dll
0x00000000504c0000 - 0x0000000050d6c000 	C:\Program Files\Java\jre1.8.0_241\bin\server\jvm.dll
0x00007ffd48060000 - 0x00007ffd48068000 	C:\WINDOWS\System32\PSAPI.DLL
0x00007ffd43ec0000 - 0x00007ffd43ee4000 	C:\WINDOWS\SYSTEM32\WINMM.dll
0x00007ffd41bd0000 - 0x00007ffd41bd9000 	C:\WINDOWS\SYSTEM32\WSOCK32.dll
0x00007ffd47030000 - 0x00007ffd4709f000 	C:\WINDOWS\System32\WS2_32.dll
0x0000000051370000 - 0x0000000051442000 	C:\WINDOWS\SYSTEM32\MSVCR100.dll
0x00007ffd43df0000 - 0x00007ffd43e1d000 	C:\WINDOWS\SYSTEM32\winmmbase.dll
0x00007ffd46f20000 - 0x00007ffd46f6a000 	C:\WINDOWS\System32\cfgmgr32.dll
0x00007ffd41bc0000 - 0x00007ffd41bcf000 	C:\Program Files\Java\jre1.8.0_241\bin\verify.dll
0x00007ffd41080000 - 0x00007ffd410a9000 	C:\Program Files\Java\jre1.8.0_241\bin\java.dll
0x00007ffd41060000 - 0x00007ffd41076000 	C:\Program Files\Java\jre1.8.0_241\bin\zip.dll
0x00007ffd47850000 - 0x00007ffd47f35000 	C:\WINDOWS\System32\SHELL32.dll
0x00007ffd48450000 - 0x00007ffd484f9000 	C:\WINDOWS\System32\shcore.dll
0x00007ffd462e0000 - 0x00007ffd46a60000 	C:\WINDOWS\System32\windows.storage.dll
0x00007ffd45e20000 - 0x00007ffd45e43000 	C:\WINDOWS\System32\profapi.dll
0x00007ffd45db0000 - 0x00007ffd45dfa000 	C:\WINDOWS\System32\powrprof.dll
0x00007ffd45d80000 - 0x00007ffd45d90000 	C:\WINDOWS\System32\UMPDC.dll
0x00007ffd483f0000 - 0x00007ffd48442000 	C:\WINDOWS\System32\shlwapi.dll
0x00007ffd45e00000 - 0x00007ffd45e11000 	C:\WINDOWS\System32\kernel.appcore.dll
0x00007ffd46a60000 - 0x00007ffd46a77000 	C:\WINDOWS\System32\cryptsp.dll
0x00007ffd45100000 - 0x00007ffd45133000 	C:\WINDOWS\system32\rsaenh.dll
0x00007ffd46b20000 - 0x00007ffd46b46000 	C:\WINDOWS\System32\bcrypt.dll
0x00007ffd45ca0000 - 0x00007ffd45cc5000 	C:\WINDOWS\SYSTEM32\USERENV.dll
0x00007ffd45760000 - 0x00007ffd4576c000 	C:\WINDOWS\SYSTEM32\CRYPTBASE.dll
0x00007ffd41040000 - 0x00007ffd4105a000 	C:\Program Files\Java\jre1.8.0_241\bin\net.dll
0x00007ffd45590000 - 0x00007ffd455f7000 	C:\WINDOWS\system32\mswsock.dll
0x00007ffd452a0000 - 0x00007ffd452da000 	C:\WINDOWS\SYSTEM32\IPHLPAPI.DLL
0x00007ffd473d0000 - 0x00007ffd473d8000 	C:\WINDOWS\System32\NSI.dll
0x00007ffd39dd0000 - 0x00007ffd39de6000 	C:\WINDOWS\SYSTEM32\dhcpcsvc6.DLL
0x00007ffd39ea0000 - 0x00007ffd39ebc000 	C:\WINDOWS\SYSTEM32\dhcpcsvc.DLL
0x00007ffd452e0000 - 0x00007ffd453aa000 	C:\WINDOWS\SYSTEM32\DNSAPI.dll
0x00007ffd41020000 - 0x00007ffd41032000 	C:\Program Files\Java\jre1.8.0_241\bin\nio.dll
0x00007ffd44100000 - 0x00007ffd44199000 	C:\WINDOWS\system32\uxtheme.dll
0x00007ffd48ad0000 - 0x00007ffd48c06000 	C:\WINDOWS\System32\MSCTF.dll
0x00007ffd481a0000 - 0x00007ffd48264000 	C:\WINDOWS\System32\OLEAUT32.dll
0x00007ffd32710000 - 0x00007ffd327ae000 	C:\WINDOWS\System32\TextInputFramework.dll
0x00007ffd43a80000 - 0x00007ffd43b54000 	C:\WINDOWS\System32\CoreMessaging.dll
0x00007ffd41e30000 - 0x00007ffd4215a000 	C:\WINDOWS\System32\CoreUIComponents.dll
0x00007ffd41cd0000 - 0x00007ffd41e23000 	C:\WINDOWS\SYSTEM32\wintypes.dll
0x00007ffd44de0000 - 0x00007ffd44e11000 	C:\WINDOWS\SYSTEM32\ntmarta.dll
0x00007ffd38b80000 - 0x00007ffd38e26000 	C:\WINDOWS\System32\iertutil.dll
0x00007ffd41000000 - 0x00007ffd41011000 	C:\Users\User\eclipse\java-2019-09\eclipse\configuration\org.eclipse.osgi\90\0\.cp\jWinHttp-1.0.0.dll
0x00007ffd47150000 - 0x00007ffd472a7000 	C:\WINDOWS\System32\ole32.dll
0x00007ffd39680000 - 0x00007ffd39771000 	C:\WINDOWS\SYSTEM32\WINHTTP.dll
0x00007ffd40e70000 - 0x00007ffd40f06000 	C:\Users\User\eclipse\java-2019-09\eclipse\configuration\org.eclipse.osgi\381\0\.cp\swt-win32-4928r15.dll
0x00007ffd48db0000 - 0x00007ffd48e80000 	C:\WINDOWS\System32\COMDLG32.dll
0x00007ffd45e80000 - 0x00007ffd45fc9000 	C:\WINDOWS\System32\CRYPT32.dll
0x00007ffd45d90000 - 0x00007ffd45da2000 	C:\WINDOWS\System32\MSASN1.dll
0x00007ffd30990000 - 0x00007ffd30a19000 	C:\WINDOWS\SYSTEM32\WINSPOOL.DRV
0x00007ffd41450000 - 0x00007ffd41469000 	C:\WINDOWS\SYSTEM32\USP10.dll
0x00007ffd2ab30000 - 0x00007ffd2b005000 	C:\WINDOWS\SYSTEM32\WININET.dll
0x00007ffd42740000 - 0x00007ffd4282f000 	C:\WINDOWS\SYSTEM32\PROPSYS.dll
0x00007ffd38e30000 - 0x00007ffd39005000 	C:\WINDOWS\SYSTEM32\urlmon.dll
0x00007ffd42680000 - 0x00007ffd42687000 	C:\WINDOWS\SYSTEM32\MSIMG32.dll
0x00007ffd470a0000 - 0x00007ffd47142000 	C:\WINDOWS\System32\clbcatq.dll
0x00007ffd36b00000 - 0x00007ffd36b0d000 	C:\WINDOWS\SYSTEM32\LINKINFO.dll
0x00007ffd25770000 - 0x00007ffd25905000 	C:\Windows\System32\TaskFlowDataEngine.dll
0x00007ffd37eb0000 - 0x00007ffd383f5000 	C:\Windows\System32\cdp.dll
0x00007ffd43c20000 - 0x00007ffd43cef000 	C:\Windows\System32\dsreg.dll
0x00007ffd43b60000 - 0x00007ffd43bea000 	C:\Windows\System32\msvcp110_win.dll
0x00007ffd36620000 - 0x00007ffd36699000 	C:\Windows\System32\OneCoreCommonProxyStub.dll
0x00007ffd3ffa0000 - 0x00007ffd3ffc6000 	C:\Users\User\eclipse\java-2019-09\eclipse\configuration\org.eclipse.osgi\381\0\.cp\swt-gdip-win32-4928r15.dll
0x00007ffd35010000 - 0x00007ffd351b3000 	C:\WINDOWS\WinSxS\amd64_microsoft.windows.gdiplus_6595b64144ccf1df_1.1.18362.720_none_17a9a8aa6da6fd39\gdiplus.dll
0x00007ffd41940000 - 0x00007ffd41aef000 	C:\WINDOWS\SYSTEM32\WindowsCodecs.dll
0x00007ffd40f70000 - 0x00007ffd40fd5000 	C:\WINDOWS\SYSTEM32\oleacc.dll
0x0000000180000000 - 0x0000000180012000 	C:\Users\User\eclipse\java-2019-09\eclipse\configuration\org.eclipse.osgi\87\0\.cp\os\win32\x86_64\localfile_1_0_0.dll
0x00007ffd3fe00000 - 0x00007ffd3ff9a000 	C:\Program Files\Java\jre1.8.0_241\bin\awt.dll
0x00007ffd43e20000 - 0x00007ffd43eaf000 	C:\WINDOWS\SYSTEM32\apphelp.dll
0x00007ffd40fe0000 - 0x00007ffd40ff6000 	C:\WINDOWS\system32\napinsp.dll
0x00007ffd3fde0000 - 0x00007ffd3fdfa000 	C:\WINDOWS\system32\pnrpnsp.dll
0x00007ffd41bb0000 - 0x00007ffd41bbe000 	C:\WINDOWS\System32\winrnr.dll
0x00007ffd425e0000 - 0x00007ffd425fc000 	C:\WINDOWS\system32\NLAapi.dll
0x00007ffd3e8b0000 - 0x00007ffd3e8c5000 	C:\WINDOWS\system32\wshbth.dll
0x00007ffd31e70000 - 0x00007ffd31e7a000 	C:\Windows\System32\rasadhlp.dll
0x00007ffd39970000 - 0x00007ffd399e7000 	C:\WINDOWS\System32\fwpuclnt.dll
0x00007ffd3fd90000 - 0x00007ffd3fdd9000 	C:\Program Files\Java\jre1.8.0_241\bin\fontmanager.dll
0x00007ffd44520000 - 0x00007ffd4454d000 	C:\WINDOWS\system32\DWMAPI.DLL
0x00007ffd3fd40000 - 0x00007ffd3fd82000 	C:\Program Files\Java\jre1.8.0_241\bin\t2k.dll
0x00007ffd3fd10000 - 0x00007ffd3fd3a000 	C:\Program Files\Java\jre1.8.0_241\bin\dcpr.dll
0x00007ffd3fca0000 - 0x00007ffd3fcc4000 	C:\Program Files\Java\jre1.8.0_241\bin\sunec.dll
0x00007ffd2bb60000 - 0x00007ffd2bb9a000 	C:\WINDOWS\system32\dataexchange.dll
0x00007ffd43530000 - 0x00007ffd4370b000 	C:\WINDOWS\system32\dcomp.dll
0x00007ffd42e70000 - 0x00007ffd430cb000 	C:\WINDOWS\system32\d3d11.dll
0x00007ffd44a80000 - 0x00007ffd44b6b000 	C:\WINDOWS\system32\dxgi.dll
0x00007ffd449f0000 - 0x00007ffd44a10000 	C:\WINDOWS\SYSTEM32\dxcore.dll
0x00007ffd441d0000 - 0x00007ffd4442a000 	C:\WINDOWS\system32\twinapi.appcore.dll
0x00007ffd44630000 - 0x00007ffd44659000 	C:\WINDOWS\system32\RMCLIENT.dll
0x00007ffd14830000 - 0x00007ffd14871000 	C:\WINDOWS\system32\mlang.dll
0x00007ffd2a830000 - 0x00007ffd2ab2e000 	C:\WINDOWS\SYSTEM32\DWrite.dll
0x00007ffd27c20000 - 0x00007ffd27e25000 	C:\WINDOWS\system32\explorerframe.dll
0x00007ffd41490000 - 0x00007ffd4149b000 	C:\Program Files\Java\jre1.8.0_241\bin\sunmscapi.dll
0x00007ffd248d0000 - 0x00007ffd2494e000 	C:\WINDOWS\SYSTEM32\ntshrui.dll
0x00007ffd45c70000 - 0x00007ffd45c9f000 	C:\WINDOWS\SYSTEM32\SspiCli.dll
0x00007ffd305d0000 - 0x00007ffd305f6000 	C:\WINDOWS\SYSTEM32\srvcli.dll
0x00007ffd26e20000 - 0x00007ffd26e32000 	C:\WINDOWS\SYSTEM32\cscapi.dll
0x00007ffd3f5d0000 - 0x00007ffd3f656000 	C:\WINDOWS\SYSTEM32\policymanager.dll
0x00007ffd2bec0000 - 0x00007ffd2c016000 	C:\WINDOWS\system32\opengl32.dll
0x00007ffd37ca0000 - 0x00007ffd37ccc000 	C:\WINDOWS\SYSTEM32\GLU32.dll
0x00007ffd1cfb0000 - 0x00007ffd1d6a9000 	C:\Windows\System32\ieframe.dll
0x00007ffd26930000 - 0x00007ffd26947000 	C:\Windows\System32\NETAPI32.dll
0x00007ffd41340000 - 0x00007ffd41357000 	C:\Windows\System32\WKSCLI.DLL
0x00007ffd453b0000 - 0x00007ffd453bc000 	C:\Windows\System32\NETUTILS.DLL
0x00007ffd48370000 - 0x00007ffd483e6000 	C:\WINDOWS\System32\coml2.dll
0x00007ffd45b70000 - 0x00007ffd45c0d000 	C:\WINDOWS\SYSTEM32\sxs.dll
0x00007ffd2bd40000 - 0x00007ffd2bd91000 	C:\WINDOWS\SYSTEM32\msIso.dll
0x00007ffd15260000 - 0x00007ffd16812000 	C:\Windows\System32\mshtml.dll
0x00007ffd27070000 - 0x00007ffd2709c000 	C:\Windows\System32\srpapi.dll
0x00007ffd3f990000 - 0x00007ffd3fa72000 	C:\Windows\System32\ieapfltr.dll

VM Arguments:
jvm_args: -Dosgi.requiredJavaVersion=1.8 -Dosgi.instance.area.default=@user.home/eclipse-workspace -XX:+UseG1GC -XX:+UseStringDeduplication -Dosgi.requiredJavaVersion=1.8 -Dosgi.dataAreaRequiresExplicitInit=true -Xms256m -Xmx1024m -Declipse.p2.max.threads=10 -Doomph.update.url=http://download.eclipse.org/oomph/updates/milestone/latest -Doomph.redirection.index.redirection=index:/->http://git.eclipse.org/c/oomph/org.eclipse.oomph.git/plain/setups/ 
java_command: <unknown>
java_class_path (initial): C:\Users\User\eclipse\java-2019-09\eclipse\\plugins/org.eclipse.equinox.launcher_1.5.500.v20190715-1310.jar
Launcher Type: generic

Environment Variables:
PATH=C:/Program Files/Java/jre1.8.0_241/bin/server;C:/Program Files/Java/jre1.8.0_241/bin;C:/Program Files/Java/jre1.8.0_241/lib/amd64;C:\Program Files (x86)\Common Files\Oracle\Java\javapath;C:\WINDOWS\system32;C:\WINDOWS;C:\WINDOWS\System32\Wbem;C:\WINDOWS\System32\WindowsPowerShell\v1.0\;C:\WINDOWS\System32\OpenSSH\;C:\Program Files\Java\jdk1.8.0_231\bin;;C:\Program Files (x86)\Bitvise SSH Client;C:\Users\User\AppData\Local\Programs\Python\Python36\Scripts\;C:\Users\User\AppData\Local\Programs\Python\Python36\;C:\Users\User\AppData\Local\Microsoft\WindowsApps;;C:\Users\User\Desktop;
USERNAME=User
OS=Windows_NT
PROCESSOR_IDENTIFIER=Intel64 Family 6 Model 78 Stepping 3, GenuineIntel



---------------  S Y S T E M  ---------------

OS: Windows 10.0 , 64 bit Build 18362 (10.0.18362.329)

CPU:total 4 (initial active 4) (2 cores per cpu, 2 threads per core) family 6 model 78 stepping 3, cmov, cx8, fxsr, mmx, sse, sse2, sse3, ssse3, sse4.1, sse4.2, popcnt, avx, avx2, aes, clmul, erms, 3dnowpref, lzcnt, ht, tsc, tscinvbit, bmi1, bmi2, adx

Memory: 4k page, physical 8259432k(4666376k free), swap 14550888k(10842756k free)

vm_info: Java HotSpot(TM) 64-Bit Server VM (25.241-b07) for windows-amd64 JRE (1.8.0_241-b07), built on Dec 11 2019 10:21:40 by "rejava" with MS VC++ 10.0 (VS2010)

time: Mon Mar 23 15:57:33 2020
timezone: le Maurice
elapsed time: 230 seconds (0d 0h 3m 50s)

